# JRE version: OpenJDK Runtime Environment Temurin-17.0.6+10 (17.0.6+10) (build 17.0.6+10)
# Java VM: OpenJDK 64-Bit Server VM Temurin-17.0.6+10 (17.0.6+10, mixed mode, emulated-client, tiered, compressed oops, compressed class ptrs, g1 gc, windows-amd64)
GC Precious Log:
 CPUs: 12 total, 12 available
 Memory: 15516M
 Large Page Support: Disabled
 NUMA Support: Disabled
 Compressed Oops: Enabled (32-bit)
 Heap Region Size: 1M
 Heap Min Capacity: 8M
 Heap Initial Capacity: 244M
 Heap Max Capacity: 1G
 Pre-touch: Disabled
 Parallel Workers: 10
 Concurrent Workers: 3
 Concurrent Refinement Workers: 10
 Periodic GC: Disabled
Heap:
 garbage-first heap   total 413696K, used 114229K [0x00000000c0000000, 0x0000000100000000)
  region size 1024K, 19 young (19456K), 19 survivors (19456K)
 Metaspace       used 36595K, committed 36992K, reserved 1081344K
  class space    used 4820K, committed 4992K, reserved 1048576K
GC Heap History (20 events):
Event: 1.593 GC heap after
{Heap after GC invocations=14 (full 0):
 garbage-first heap   total 76800K, used 44108K [0x00000000c0000000, 0x0000000100000000)
  region size 1024K, 3 young (3072K), 3 survivors (3072K)
 Metaspace       used 36391K, committed 36800K, reserved 1081344K
  class space    used 4796K, committed 4992K, reserved 1048576K
}
Event: 1.607 GC heap before
{Heap before GC invocations=14 (full 0):
 garbage-first heap   total 99328K, used 57420K [0x00000000c0000000, 0x0000000100000000)
  region size 1024K, 16 young (16384K), 3 survivors (3072K)
 Metaspace       used 36391K, committed 36800K, reserved 1081344K
  class space    used 4796K, committed 4992K, reserved 1048576K
}
Event: 1.609 GC heap after
{Heap after GC invocations=15 (full 0):
 garbage-first heap   total 182272K, used 47371K [0x00000000c0000000, 0x0000000100000000)
  region size 1024K, 2 young (2048K), 2 survivors (2048K)
 Metaspace       used 36391K, committed 36800K, reserved 1081344K
  class space    used 4796K, committed 4992K, reserved 1048576K
}
Event: 1.783 GC heap before
{Heap before GC invocations=16 (full 0):
 garbage-first heap   total 182272K, used 119051K [0x00000000c0000000, 0x0000000100000000)
  region size 1024K, 71 young (72704K), 2 survivors (2048K)
 Metaspace       used 36492K, committed 36864K, reserved 1081344K
  class space    used 4807K, committed 4992K, reserved 1048576K
}
Event: 1.797 GC heap after
{Heap after GC invocations=17 (full 0):
 garbage-first heap   total 182272K, used 66758K [0x00000000c0000000, 0x0000000100000000)
  region size 1024K, 9 young (9216K), 9 survivors (9216K)
 Metaspace       used 36492K, committed 36864K, reserved 1081344K
  class space    used 4807K, committed 4992K, reserved 1048576K
}
Event: 1.804 GC heap before
{Heap before GC invocations=17 (full 0):
 garbage-first heap   total 182272K, used 117958K [0x00000000c0000000, 0x0000000100000000)
  region size 1024K, 60 young (61440K), 9 survivors (9216K)
 Metaspace       used 36492K, committed 36864K, reserved 1081344K
  class space    used 4807K, committed 4992K, reserved 1048576K
}
Event: 1.806 GC heap after
{Heap after GC invocations=18 (full 0):
 garbage-first heap   total 182272K, used 70308K [0x00000000c0000000, 0x0000000100000000)
  region size 1024K, 3 young (3072K), 3 survivors (3072K)
 Metaspace       used 36492K, committed 36864K, reserved 1081344K
  class space    used 4807K, committed 4992K, reserved 1048576K
}
Event: 1.812 GC heap before
{Heap before GC invocations=18 (full 0):
 garbage-first heap   total 182272K, used 123556K [0x00000000c0000000, 0x0000000100000000)
  region size 1024K, 56 young (57344K), 3 survivors (3072K)
 Metaspace       used 36492K, committed 36864K, reserved 1081344K
  class space    used 4807K, committed 4992K, reserved 1048576K
}
Event: 1.814 GC heap after
{Heap after GC invocations=19 (full 0):
 garbage-first heap   total 182272K, used 72530K [0x00000000c0000000, 0x0000000100000000)
  region size 1024K, 5 young (5120K), 5 survivors (5120K)
 Metaspace       used 36492K, committed 36864K, reserved 1081344K
  class space    used 4807K, committed 4992K, reserved 1048576K
}
Event: 1.820 GC heap before
{Heap before GC invocations=19 (full 0):
 garbage-first heap   total 182272K, used 129874K [0x00000000c0000000, 0x0000000100000000)
  region size 1024K, 62 young (63488K), 5 survivors (5120K)
 Metaspace       used 36492K, committed 36864K, reserved 1081344K
  class space    used 4807K, committed 4992K, reserved 1048576K
}
Event: 1.822 GC heap after
{Heap after GC invocations=20 (full 0):
 garbage-first heap   total 182272K, used 74797K [0x00000000c0000000, 0x0000000100000000)
  region size 1024K, 5 young (5120K), 5 survivors (5120K)
 Metaspace       used 36492K, committed 36864K, reserved 1081344K
  class space    used 4807K, committed 4992K, reserved 1048576K
}
Event: 1.830 GC heap before
{Heap before GC invocations=20 (full 0):
 garbage-first heap   total 182272K, used 135213K [0x00000000c0000000, 0x0000000100000000)
  region size 1024K, 66 young (67584K), 5 survivors (5120K)
 Metaspace       used 36513K, committed 36864K, reserved 1081344K
  class space    used 4814K, committed 4992K, reserved 1048576K
}
Event: 1.833 GC heap after
{Heap after GC invocations=21 (full 0):
 garbage-first heap   total 413696K, used 77911K [0x00000000c0000000, 0x0000000100000000)
  region size 1024K, 8 young (8192K), 8 survivors (8192K)
 Metaspace       used 36513K, committed 36864K, reserved 1081344K
  class space    used 4814K, committed 4992K, reserved 1048576K
}
Event: 1.867 GC heap before
{Heap before GC invocations=21 (full 0):
 garbage-first heap   total 413696K, used 307287K [0x00000000c0000000, 0x0000000100000000)
  region size 1024K, 233 young (238592K), 8 survivors (8192K)
 Metaspace       used 36595K, committed 36992K, reserved 1081344K
  class space    used 4820K, committed 4992K, reserved 1048576K
}
Event: 1.872 GC heap after
{Heap after GC invocations=22 (full 0):
 garbage-first heap   total 413696K, used 86150K [0x00000000c0000000, 0x0000000100000000)
  region size 1024K, 16 young (16384K), 16 survivors (16384K)
 Metaspace       used 36595K, committed 36992K, reserved 1081344K
  class space    used 4820K, committed 4992K, reserved 1048576K
}
Event: 1.892 GC heap before
{Heap before GC invocations=22 (full 0):
 garbage-first heap   total 413696K, used 316550K [0x00000000c0000000, 0x0000000100000000)
  region size 1024K, 242 young (247808K), 16 survivors (16384K)
 Metaspace       used 36595K, committed 36992K, reserved 1081344K
  class space    used 4820K, committed 4992K, reserved 1048576K
}
Event: 1.899 GC heap after
{Heap after GC invocations=23 (full 0):
 garbage-first heap   total 413696K, used 96076K [0x00000000c0000000, 0x0000000100000000)
  region size 1024K, 26 young (26624K), 26 survivors (26624K)
 Metaspace       used 36595K, committed 36992K, reserved 1081344K
  class space    used 4820K, committed 4992K, reserved 1048576K
}
Event: 1.932 GC heap before
{Heap before GC invocations=23 (full 0):
 garbage-first heap   total 413696K, used 316236K [0x00000000c0000000, 0x0000000100000000)
  region size 1024K, 242 young (247808K), 26 survivors (26624K)
 Metaspace       used 36595K, committed 36992K, reserved 1081344K
  class space    used 4820K, committed 4992K, reserved 1048576K
}
Event: 1.942 GC heap after
{Heap after GC invocations=24 (full 0):
 garbage-first heap   total 413696K, used 104920K [0x00000000c0000000, 0x0000000100000000)
  region size 1024K, 19 young (19456K), 19 survivors (19456K)
 Metaspace       used 36595K, committed 36992K, reserved 1081344K
  class space    used 4820K, committed 4992K, reserved 1048576K
}
Event: 1.994 GC heap before
{Heap before GC invocations=24 (full 0):
 garbage-first heap   total 413696K, used 332248K [0x00000000c0000000, 0x0000000100000000)
  region size 1024K, 242 young (247808K), 19 survivors (19456K)
 Metaspace       used 36595K, committed 36992K, reserved 1081344K
  class space    used 4820K, committed 4992K, reserved 1048576K
}

