# JRE version: OpenJDK Runtime Environment Temurin-17.0.6+10 (17.0.6+10) (build 17.0.6+10)
# Java VM: OpenJDK 64-Bit Server VM Temurin-17.0.6+10 (17.0.6+10, mixed mode, emulated-client, tiered, compressed oops, compressed class ptrs, g1 gc, windows-amd64)
GC Precious Log:
 CPUs: 12 total, 12 available
 Memory: 15516M
 Large Page Support: Disabled
 NUMA Support: Disabled
 Compressed Oops: Enabled (32-bit)
 Heap Region Size: 1M
 Heap Min Capacity: 8M
 Heap Initial Capacity: 244M
 Heap Max Capacity: 1G
 Pre-touch: Disabled
 Parallel Workers: 10
 Concurrent Workers: 3
 Concurrent Refinement Workers: 10
 Periodic GC: Disabled
Heap:
 garbage-first heap   total 249856K, used 70400K [0x00000000c0000000, 0x0000000100000000)
  region size 1024K, 4 young (4096K), 4 survivors (4096K)
 Metaspace       used 35721K, committed 36160K, reserved 1081344K
  class space    used 4637K, committed 4864K, reserved 1048576K
GC Heap History (20 events):
Event: 0.689 GC heap after
{Heap after GC invocations=3 (full 0):
 garbage-first heap   total 249856K, used 12417K [0x00000000c0000000, 0x0000000100000000)
  region size 1024K, 5 young (5120K), 5 survivors (5120K)
 Metaspace       used 21309K, committed 21504K, reserved 1073152K
  class space    used 2614K, committed 2688K, reserved 1048576K
}
Event: 0.798 GC heap before
{Heap before GC invocations=4 (full 0):
 garbage-first heap   total 48128K, used 34945K [0x00000000c0000000, 0x0000000100000000)
  region size 1024K, 28 young (28672K), 5 survivors (5120K)
 Metaspace       used 24958K, committed 25216K, reserved 1073152K
  class space    used 3099K, committed 3200K, reserved 1048576K
}
Event: 0.802 GC heap after
{Heap after GC invocations=5 (full 0):
 garbage-first heap   total 48128K, used 14230K [0x00000000c0000000, 0x0000000100000000)
  region size 1024K, 7 young (7168K), 7 survivors (7168K)
 Metaspace       used 24958K, committed 25216K, reserved 1073152K
  class space    used 3099K, committed 3200K, reserved 1048576K
}
Event: 1.097 GC heap before
{Heap before GC invocations=5 (full 0):
 garbage-first heap   total 48128K, used 30614K [0x00000000c0000000, 0x0000000100000000)
  region size 1024K, 24 young (24576K), 7 survivors (7168K)
 Metaspace       used 28159K, committed 28480K, reserved 1081344K
  class space    used 3559K, committed 3712K, reserved 1048576K
}
Event: 1.104 GC heap after
{Heap after GC invocations=6 (full 0):
 garbage-first heap   total 48128K, used 15443K [0x00000000c0000000, 0x0000000100000000)
  region size 1024K, 2 young (2048K), 2 survivors (2048K)
 Metaspace       used 28159K, committed 28480K, reserved 1081344K
  class space    used 3559K, committed 3712K, reserved 1048576K
}
Event: 1.242 GC heap before
{Heap before GC invocations=6 (full 0):
 garbage-first heap   total 48128K, used 31827K [0x00000000c0000000, 0x0000000100000000)
  region size 1024K, 19 young (19456K), 2 survivors (2048K)
 Metaspace       used 30332K, committed 30656K, reserved 1081344K
  class space    used 3867K, committed 4032K, reserved 1048576K
}
Event: 1.246 GC heap after
{Heap after GC invocations=7 (full 0):
 garbage-first heap   total 48128K, used 17049K [0x00000000c0000000, 0x0000000100000000)
  region size 1024K, 3 young (3072K), 3 survivors (3072K)
 Metaspace       used 30332K, committed 30656K, reserved 1081344K
  class space    used 3867K, committed 4032K, reserved 1048576K
}
Event: 1.510 GC heap before
{Heap before GC invocations=7 (full 0):
 garbage-first heap   total 48128K, used 33433K [0x00000000c0000000, 0x0000000100000000)
  region size 1024K, 20 young (20480K), 3 survivors (3072K)
 Metaspace       used 33850K, committed 34176K, reserved 1081344K
  class space    used 4384K, committed 4544K, reserved 1048576K
}
Event: 1.513 GC heap after
{Heap after GC invocations=8 (full 0):
 garbage-first heap   total 149504K, used 18827K [0x00000000c0000000, 0x0000000100000000)
  region size 1024K, 2 young (2048K), 2 survivors (2048K)
 Metaspace       used 33850K, committed 34176K, reserved 1081344K
  class space    used 4384K, committed 4544K, reserved 1048576K
}
Event: 2.239 GC heap before
{Heap before GC invocations=8 (full 0):
 garbage-first heap   total 149504K, used 105867K [0x00000000c0000000, 0x0000000100000000)
  region size 1024K, 87 young (89088K), 2 survivors (2048K)
 Metaspace       used 35557K, committed 35968K, reserved 1081344K
  class space    used 4617K, committed 4800K, reserved 1048576K
}
Event: 2.245 GC heap after
{Heap after GC invocations=9 (full 0):
 garbage-first heap   total 149504K, used 33779K [0x00000000c0000000, 0x0000000100000000)
  region size 1024K, 11 young (11264K), 11 survivors (11264K)
 Metaspace       used 35557K, committed 35968K, reserved 1081344K
  class space    used 4617K, committed 4800K, reserved 1048576K
}
Event: 2.341 GC heap before
{Heap before GC invocations=9 (full 0):
 garbage-first heap   total 149504K, used 92147K [0x00000000c0000000, 0x0000000100000000)
  region size 1024K, 68 young (69632K), 11 survivors (11264K)
 Metaspace       used 35563K, committed 35968K, reserved 1081344K
  class space    used 4617K, committed 4800K, reserved 1048576K
}
Event: 2.348 GC heap after
{Heap after GC invocations=10 (full 0):
 garbage-first heap   total 149504K, used 47949K [0x00000000c0000000, 0x0000000100000000)
  region size 1024K, 9 young (9216K), 9 survivors (9216K)
 Metaspace       used 35563K, committed 35968K, reserved 1081344K
  class space    used 4617K, committed 4800K, reserved 1048576K
}
Event: 2.381 GC heap before
{Heap before GC invocations=10 (full 0):
 garbage-first heap   total 149504K, used 74573K [0x00000000c0000000, 0x0000000100000000)
  region size 1024K, 34 young (34816K), 9 survivors (9216K)
 Metaspace       used 35573K, committed 35968K, reserved 1081344K
  class space    used 4619K, committed 4800K, reserved 1048576K
}
Event: 2.393 GC heap after
{Heap after GC invocations=11 (full 0):
 garbage-first heap   total 149504K, used 64919K [0x00000000c0000000, 0x0000000100000000)
  region size 1024K, 8 young (8192K), 8 survivors (8192K)
 Metaspace       used 35573K, committed 35968K, reserved 1081344K
  class space    used 4619K, committed 4800K, reserved 1048576K
}
Event: 2.404 GC heap before
{Heap before GC invocations=11 (full 0):
 garbage-first heap   total 149504K, used 102807K [0x00000000c0000000, 0x0000000100000000)
  region size 1024K, 46 young (47104K), 8 survivors (8192K)
 Metaspace       used 35674K, committed 36096K, reserved 1081344K
  class space    used 4628K, committed 4800K, reserved 1048576K
}
Event: 2.406 GC heap after
{Heap after GC invocations=12 (full 0):
 garbage-first heap   total 149504K, used 68014K [0x00000000c0000000, 0x0000000100000000)
  region size 1024K, 2 young (2048K), 2 survivors (2048K)
 Metaspace       used 35674K, committed 36096K, reserved 1081344K
  class space    used 4628K, committed 4800K, reserved 1048576K
}
Event: 2.411 GC heap before
{Heap before GC invocations=12 (full 0):
 garbage-first heap   total 149504K, used 107950K [0x00000000c0000000, 0x0000000100000000)
  region size 1024K, 42 young (43008K), 2 survivors (2048K)
 Metaspace       used 35683K, committed 36160K, reserved 1081344K
  class space    used 4636K, committed 4864K, reserved 1048576K
}
Event: 2.412 GC heap after
{Heap after GC invocations=13 (full 0):
 garbage-first heap   total 149504K, used 69566K [0x00000000c0000000, 0x0000000100000000)
  region size 1024K, 4 young (4096K), 4 survivors (4096K)
 Metaspace       used 35683K, committed 36160K, reserved 1081344K
  class space    used 4636K, committed 4864K, reserved 1048576K
}
Event: 2.420 GC heap before
{Heap before GC invocations=13 (full 0):
 garbage-first heap   total 176128K, used 109501K [0x00000000c0000000, 0x0000000100000000)
  region size 1024K, 45 young (46080K), 4 survivors (4096K)
 Metaspace       used 35721K, committed 36160K, reserved 1081344K
  class space    used 4637K, committed 4864K, reserved 1048576K
}

