# JRE version: OpenJDK Runtime Environment Temurin-17.0.6+10 (17.0.6+10) (build 17.0.6+10)
# Java VM: OpenJDK 64-Bit Server VM Temurin-17.0.6+10 (17.0.6+10, mixed mode, emulated-client, tiered, compressed oops, compressed class ptrs, g1 gc, windows-amd64)
GC Precious Log:
 CPUs: 12 total, 12 available
 Memory: 15516M
 Large Page Support: Disabled
 NUMA Support: Disabled
 Compressed Oops: Enabled (32-bit)
 Heap Region Size: 1M
 Heap Min Capacity: 8M
 Heap Initial Capacity: 244M
 Heap Max Capacity: 1G
 Pre-touch: Disabled
 Parallel Workers: 10
 Concurrent Workers: 3
 Concurrent Refinement Workers: 10
 Periodic GC: Disabled
Heap:
 garbage-first heap   total 299008K, used 89777K [0x00000000c0000000, 0x0000000100000000)
  region size 1024K, 12 young (12288K), 12 survivors (12288K)
 Metaspace       used 35745K, committed 36224K, reserved 1081344K
  class space    used 4638K, committed 4864K, reserved 1048576K
GC Heap History (20 events):
Event: 1.117 GC heap after
{Heap after GC invocations=8 (full 0):
 garbage-first heap   total 149504K, used 18925K [0x00000000c0000000, 0x0000000100000000)
  region size 1024K, 2 young (2048K), 2 survivors (2048K)
 Metaspace       used 33844K, committed 34176K, reserved 1081344K
  class space    used 4378K, committed 4544K, reserved 1048576K
}
Event: 1.314 GC heap before
{Heap before GC invocations=8 (full 0):
 garbage-first heap   total 149504K, used 104941K [0x00000000c0000000, 0x0000000100000000)
  region size 1024K, 87 young (89088K), 2 survivors (2048K)
 Metaspace       used 35553K, committed 35968K, reserved 1081344K
  class space    used 4612K, committed 4800K, reserved 1048576K
}
Event: 1.319 GC heap after
{Heap after GC invocations=9 (full 0):
 garbage-first heap   total 149504K, used 33754K [0x00000000c0000000, 0x0000000100000000)
  region size 1024K, 11 young (11264K), 11 survivors (11264K)
 Metaspace       used 35553K, committed 35968K, reserved 1081344K
  class space    used 4612K, committed 4800K, reserved 1048576K
}
Event: 1.408 GC heap before
{Heap before GC invocations=9 (full 0):
 garbage-first heap   total 149504K, used 91098K [0x00000000c0000000, 0x0000000100000000)
  region size 1024K, 68 young (69632K), 11 survivors (11264K)
 Metaspace       used 35562K, committed 35968K, reserved 1081344K
  class space    used 4614K, committed 4800K, reserved 1048576K
}
Event: 1.415 GC heap after
{Heap after GC invocations=10 (full 0):
 garbage-first heap   total 149504K, used 48148K [0x00000000c0000000, 0x0000000100000000)
  region size 1024K, 9 young (9216K), 9 survivors (9216K)
 Metaspace       used 35562K, committed 35968K, reserved 1081344K
  class space    used 4614K, committed 4800K, reserved 1048576K
}
Event: 1.447 GC heap before
{Heap before GC invocations=10 (full 0):
 garbage-first heap   total 149504K, used 74772K [0x00000000c0000000, 0x0000000100000000)
  region size 1024K, 34 young (34816K), 9 survivors (9216K)
 Metaspace       used 35573K, committed 35968K, reserved 1081344K
  class space    used 4616K, committed 4800K, reserved 1048576K
}
Event: 1.459 GC heap after
{Heap after GC invocations=11 (full 0):
 garbage-first heap   total 149504K, used 64674K [0x00000000c0000000, 0x0000000100000000)
  region size 1024K, 8 young (8192K), 8 survivors (8192K)
 Metaspace       used 35573K, committed 35968K, reserved 1081344K
  class space    used 4616K, committed 4800K, reserved 1048576K
}
Event: 1.471 GC heap before
{Heap before GC invocations=11 (full 0):
 garbage-first heap   total 149504K, used 102562K [0x00000000c0000000, 0x0000000100000000)
  region size 1024K, 46 young (47104K), 8 survivors (8192K)
 Metaspace       used 35675K, committed 36096K, reserved 1081344K
  class space    used 4625K, committed 4800K, reserved 1048576K
}
Event: 1.474 GC heap after
{Heap after GC invocations=12 (full 0):
 garbage-first heap   total 149504K, used 68398K [0x00000000c0000000, 0x0000000100000000)
  region size 1024K, 3 young (3072K), 3 survivors (3072K)
 Metaspace       used 35675K, committed 36096K, reserved 1081344K
  class space    used 4625K, committed 4800K, reserved 1048576K
}
Event: 1.479 GC heap before
{Heap before GC invocations=12 (full 0):
 garbage-first heap   total 149504K, used 107310K [0x00000000c0000000, 0x0000000100000000)
  region size 1024K, 42 young (43008K), 3 survivors (3072K)
 Metaspace       used 35681K, committed 36096K, reserved 1081344K
  class space    used 4631K, committed 4800K, reserved 1048576K
}
Event: 1.480 GC heap after
{Heap after GC invocations=13 (full 0):
 garbage-first heap   total 299008K, used 69626K [0x00000000c0000000, 0x0000000100000000)
  region size 1024K, 4 young (4096K), 4 survivors (4096K)
 Metaspace       used 35681K, committed 36096K, reserved 1081344K
  class space    used 4631K, committed 4800K, reserved 1048576K
}
Event: 1.503 GC heap before
{Heap before GC invocations=14 (full 0):
 garbage-first heap   total 273408K, used 198650K [0x00000000c0000000, 0x0000000100000000)
  region size 1024K, 132 young (135168K), 4 survivors (4096K)
 Metaspace       used 35744K, committed 36224K, reserved 1081344K
  class space    used 4638K, committed 4864K, reserved 1048576K
}
Event: 1.505 GC heap after
{Heap after GC invocations=15 (full 0):
 garbage-first heap   total 273408K, used 73763K [0x00000000c0000000, 0x0000000100000000)
  region size 1024K, 9 young (9216K), 9 survivors (9216K)
 Metaspace       used 35744K, committed 36224K, reserved 1081344K
  class space    used 4638K, committed 4864K, reserved 1048576K
}
Event: 1.505 GC heap before
{Heap before GC invocations=15 (full 0):
 garbage-first heap   total 273408K, used 78883K [0x00000000c0000000, 0x0000000100000000)
  region size 1024K, 15 young (15360K), 9 survivors (9216K)
 Metaspace       used 35744K, committed 36224K, reserved 1081344K
  class space    used 4638K, committed 4864K, reserved 1048576K
}
Event: 1.508 GC heap after
{Heap after GC invocations=16 (full 0):
 garbage-first heap   total 273408K, used 74122K [0x00000000c0000000, 0x0000000100000000)
  region size 1024K, 2 young (2048K), 2 survivors (2048K)
 Metaspace       used 35744K, committed 36224K, reserved 1081344K
  class space    used 4638K, committed 4864K, reserved 1048576K
}
Event: 1.520 GC heap before
{Heap before GC invocations=16 (full 0):
 garbage-first heap   total 273408K, used 201098K [0x00000000c0000000, 0x0000000100000000)
  region size 1024K, 127 young (130048K), 2 survivors (2048K)
 Metaspace       used 35744K, committed 36224K, reserved 1081344K
  class space    used 4638K, committed 4864K, reserved 1048576K
}
Event: 1.522 GC heap after
{Heap after GC invocations=17 (full 0):
 garbage-first heap   total 273408K, used 78468K [0x00000000c0000000, 0x0000000100000000)
  region size 1024K, 6 young (6144K), 6 survivors (6144K)
 Metaspace       used 35744K, committed 36224K, reserved 1081344K
  class space    used 4638K, committed 4864K, reserved 1048576K
}
Event: 1.533 GC heap before
{Heap before GC invocations=17 (full 0):
 garbage-first heap   total 273408K, used 207492K [0x00000000c0000000, 0x0000000100000000)
  region size 1024K, 133 young (136192K), 6 survivors (6144K)
 Metaspace       used 35745K, committed 36224K, reserved 1081344K
  class space    used 4638K, committed 4864K, reserved 1048576K
}
Event: 1.536 GC heap after
{Heap after GC invocations=18 (full 0):
 garbage-first heap   total 273408K, used 83658K [0x00000000c0000000, 0x0000000100000000)
  region size 1024K, 11 young (11264K), 11 survivors (11264K)
 Metaspace       used 35745K, committed 36224K, reserved 1081344K
  class space    used 4638K, committed 4864K, reserved 1048576K
}
Event: 1.548 GC heap before
{Heap before GC invocations=18 (full 0):
 garbage-first heap   total 273408K, used 212682K [0x00000000c0000000, 0x0000000100000000)
  region size 1024K, 138 young (141312K), 11 survivors (11264K)
 Metaspace       used 35745K, committed 36224K, reserved 1081344K
  class space    used 4638K, committed 4864K, reserved 1048576K
}

