# JRE version: OpenJDK Runtime Environment Temurin-17.0.6+10 (17.0.6+10) (build 17.0.6+10)
# Java VM: OpenJDK 64-Bit Server VM Temurin-17.0.6+10 (17.0.6+10, mixed mode, tiered, compressed oops, compressed class ptrs, parallel gc, windows-amd64)
GC Precious Log:
 CPUs: 12 total, 12 available
 Memory: 15516M
 Large Page Support: Disabled
 NUMA Support: Disabled
 Compressed Oops: Enabled (32-bit)
 Alignments: Space 512K, Generation 512K, Heap 2M
 Heap Min Capacity: 100M
 Heap Initial Capacity: 100M
 Heap Max Capacity: 2G
 Pre-touch: Disabled
 Parallel Workers: 10
Heap:
 PSYoungGen      total 11776K, used 6245K [0x00000000d5580000, 0x00000000d6280000, 0x0000000100000000)
  eden space 11264K, 53% used [0x00000000d5580000,0x00000000d5b694e0,0x00000000d6080000)
  from space 512K, 37% used [0x00000000d6180000,0x00000000d61b0000,0x00000000d6200000)
  to   space 512K, 0% used [0x00000000d6200000,0x00000000d6200000,0x00000000d6280000)
 ParOldGen       total 68608K, used 54719K [0x0000000080000000, 0x0000000084300000, 0x00000000d5580000)
  object space 68608K, 79% used [0x0000000080000000,0x000000008356ff70,0x0000000084300000)
 Metaspace       used 64879K, committed 65920K, reserved 1114112K
  class space    used 7443K, committed 7872K, reserved 1048576K
GC Heap History (20 events):
Event: 12.463 GC heap before
{Heap before GC invocations=41 (full 3):
 PSYoungGen      total 12288K, used 12256K [0x00000000d5580000, 0x00000000d6500000, 0x0000000100000000)
  eden space 11264K, 100% used [0x00000000d5580000,0x00000000d6080000,0x00000000d6080000)
  from space 1024K, 96% used [0x00000000d6200000,0x00000000d62f8000,0x00000000d6300000)
  to   space 1536K, 0% used [0x00000000d6380000,0x00000000d6380000,0x00000000d6500000)
 ParOldGen       total 68608K, used 46156K [0x0000000080000000, 0x0000000084300000, 0x00000000d5580000)
  object space 68608K, 67% used [0x0000000080000000,0x0000000082d13000,0x0000000084300000)
 Metaspace       used 60445K, committed 61376K, reserved 1105920K
  class space    used 7016K, committed 7424K, reserved 1048576K
}
Event: 12.464 GC heap after
{Heap after GC invocations=41 (full 3):
 PSYoungGen      total 12288K, used 752K [0x00000000d5580000, 0x00000000d6480000, 0x0000000100000000)
  eden space 11264K, 0% used [0x00000000d5580000,0x00000000d5580000,0x00000000d6080000)
  from space 1024K, 73% used [0x00000000d6380000,0x00000000d643c030,0x00000000d6480000)
  to   space 1024K, 0% used [0x00000000d6200000,0x00000000d6200000,0x00000000d6300000)
 ParOldGen       total 68608K, used 47004K [0x0000000080000000, 0x0000000084300000, 0x00000000d5580000)
  object space 68608K, 68% used [0x0000000080000000,0x0000000082de7000,0x0000000084300000)
 Metaspace       used 60445K, committed 61376K, reserved 1105920K
  class space    used 7016K, committed 7424K, reserved 1048576K
}
Event: 12.547 GC heap before
{Heap before GC invocations=42 (full 3):
 PSYoungGen      total 12288K, used 12016K [0x00000000d5580000, 0x00000000d6480000, 0x0000000100000000)
  eden space 11264K, 100% used [0x00000000d5580000,0x00000000d6080000,0x00000000d6080000)
  from space 1024K, 73% used [0x00000000d6380000,0x00000000d643c030,0x00000000d6480000)
  to   space 1024K, 0% used [0x00000000d6200000,0x00000000d6200000,0x00000000d6300000)
 ParOldGen       total 68608K, used 47004K [0x0000000080000000, 0x0000000084300000, 0x00000000d5580000)
  object space 68608K, 68% used [0x0000000080000000,0x0000000082de7000,0x0000000084300000)
 Metaspace       used 60844K, committed 61824K, reserved 1105920K
  class space    used 7083K, committed 7488K, reserved 1048576K
}
Event: 12.547 GC heap after
{Heap after GC invocations=42 (full 3):
 PSYoungGen      total 12288K, used 288K [0x00000000d5580000, 0x00000000d6400000, 0x0000000100000000)
  eden space 11264K, 0% used [0x00000000d5580000,0x00000000d5580000,0x00000000d6080000)
  from space 1024K, 28% used [0x00000000d6200000,0x00000000d6248000,0x00000000d6300000)
  to   space 512K, 0% used [0x00000000d6380000,0x00000000d6380000,0x00000000d6400000)
 ParOldGen       total 68608K, used 47608K [0x0000000080000000, 0x0000000084300000, 0x00000000d5580000)
  object space 68608K, 69% used [0x0000000080000000,0x0000000082e7e328,0x0000000084300000)
 Metaspace       used 60844K, committed 61824K, reserved 1105920K
  class space    used 7083K, committed 7488K, reserved 1048576K
}
Event: 12.643 GC heap before
{Heap before GC invocations=43 (full 3):
 PSYoungGen      total 12288K, used 11552K [0x00000000d5580000, 0x00000000d6400000, 0x0000000100000000)
  eden space 11264K, 100% used [0x00000000d5580000,0x00000000d6080000,0x00000000d6080000)
  from space 1024K, 28% used [0x00000000d6200000,0x00000000d6248000,0x00000000d6300000)
  to   space 512K, 0% used [0x00000000d6380000,0x00000000d6380000,0x00000000d6400000)
 ParOldGen       total 68608K, used 47608K [0x0000000080000000, 0x0000000084300000, 0x00000000d5580000)
  object space 68608K, 69% used [0x0000000080000000,0x0000000082e7e328,0x0000000084300000)
 Metaspace       used 61598K, committed 62592K, reserved 1105920K
  class space    used 7156K, committed 7616K, reserved 1048576K
}
Event: 12.643 GC heap after
{Heap after GC invocations=43 (full 3):
 PSYoungGen      total 11776K, used 320K [0x00000000d5580000, 0x00000000d6400000, 0x0000000100000000)
  eden space 11264K, 0% used [0x00000000d5580000,0x00000000d5580000,0x00000000d6080000)
  from space 512K, 62% used [0x00000000d6380000,0x00000000d63d0008,0x00000000d6400000)
  to   space 512K, 0% used [0x00000000d6300000,0x00000000d6300000,0x00000000d6380000)
 ParOldGen       total 68608K, used 47776K [0x0000000080000000, 0x0000000084300000, 0x00000000d5580000)
  object space 68608K, 69% used [0x0000000080000000,0x0000000082ea8328,0x0000000084300000)
 Metaspace       used 61598K, committed 62592K, reserved 1105920K
  class space    used 7156K, committed 7616K, reserved 1048576K
}
Event: 12.678 GC heap before
{Heap before GC invocations=44 (full 3):
 PSYoungGen      total 11776K, used 11584K [0x00000000d5580000, 0x00000000d6400000, 0x0000000100000000)
  eden space 11264K, 100% used [0x00000000d5580000,0x00000000d6080000,0x00000000d6080000)
  from space 512K, 62% used [0x00000000d6380000,0x00000000d63d0008,0x00000000d6400000)
  to   space 512K, 0% used [0x00000000d6300000,0x00000000d6300000,0x00000000d6380000)
 ParOldGen       total 68608K, used 47776K [0x0000000080000000, 0x0000000084300000, 0x00000000d5580000)
  object space 68608K, 69% used [0x0000000080000000,0x0000000082ea8328,0x0000000084300000)
 Metaspace       used 61892K, committed 62848K, reserved 1105920K
  class space    used 7182K, committed 7616K, reserved 1048576K
}
Event: 12.679 GC heap after
{Heap after GC invocations=44 (full 3):
 PSYoungGen      total 11776K, used 511K [0x00000000d5580000, 0x00000000d6400000, 0x0000000100000000)
  eden space 11264K, 0% used [0x00000000d5580000,0x00000000d5580000,0x00000000d6080000)
  from space 512K, 99% used [0x00000000d6300000,0x00000000d637fd80,0x00000000d6380000)
  to   space 512K, 0% used [0x00000000d6380000,0x00000000d6380000,0x00000000d6400000)
 ParOldGen       total 68608K, used 50260K [0x0000000080000000, 0x0000000084300000, 0x00000000d5580000)
  object space 68608K, 73% used [0x0000000080000000,0x0000000083115220,0x0000000084300000)
 Metaspace       used 61892K, committed 62848K, reserved 1105920K
  class space    used 7182K, committed 7616K, reserved 1048576K
}
Event: 12.789 GC heap before
{Heap before GC invocations=45 (full 3):
 PSYoungGen      total 11776K, used 11775K [0x00000000d5580000, 0x00000000d6400000, 0x0000000100000000)
  eden space 11264K, 100% used [0x00000000d5580000,0x00000000d6080000,0x00000000d6080000)
  from space 512K, 99% used [0x00000000d6300000,0x00000000d637fd80,0x00000000d6380000)
  to   space 512K, 0% used [0x00000000d6380000,0x00000000d6380000,0x00000000d6400000)
 ParOldGen       total 68608K, used 50260K [0x0000000080000000, 0x0000000084300000, 0x00000000d5580000)
  object space 68608K, 73% used [0x0000000080000000,0x0000000083115220,0x0000000084300000)
 Metaspace       used 62949K, committed 63872K, reserved 1105920K
  class space    used 7262K, committed 7680K, reserved 1048576K
}
Event: 12.790 GC heap after
{Heap after GC invocations=45 (full 3):
 PSYoungGen      total 11776K, used 493K [0x00000000d5580000, 0x00000000d6580000, 0x0000000100000000)
  eden space 11264K, 0% used [0x00000000d5580000,0x00000000d5580000,0x00000000d6080000)
  from space 512K, 96% used [0x00000000d6380000,0x00000000d63fb5d8,0x00000000d6400000)
  to   space 2560K, 0% used [0x00000000d6080000,0x00000000d6080000,0x00000000d6300000)
 ParOldGen       total 68608K, used 51905K [0x0000000080000000, 0x0000000084300000, 0x00000000d5580000)
  object space 68608K, 75% used [0x0000000080000000,0x00000000832b0588,0x0000000084300000)
 Metaspace       used 62949K, committed 63872K, reserved 1105920K
  class space    used 7262K, committed 7680K, reserved 1048576K
}
Event: 12.875 GC heap before
{Heap before GC invocations=46 (full 3):
 PSYoungGen      total 11776K, used 11757K [0x00000000d5580000, 0x00000000d6580000, 0x0000000100000000)
  eden space 11264K, 100% used [0x00000000d5580000,0x00000000d6080000,0x00000000d6080000)
  from space 512K, 96% used [0x00000000d6380000,0x00000000d63fb5d8,0x00000000d6400000)
  to   space 2560K, 0% used [0x00000000d6080000,0x00000000d6080000,0x00000000d6300000)
 ParOldGen       total 68608K, used 51905K [0x0000000080000000, 0x0000000084300000, 0x00000000d5580000)
  object space 68608K, 75% used [0x0000000080000000,0x00000000832b0588,0x0000000084300000)
 Metaspace       used 63202K, committed 64192K, reserved 1105920K
  class space    used 7276K, committed 7744K, reserved 1048576K
}
Event: 12.876 GC heap after
{Heap after GC invocations=46 (full 3):
 PSYoungGen      total 12288K, used 896K [0x00000000d5580000, 0x00000000d6400000, 0x0000000100000000)
  eden space 11264K, 0% used [0x00000000d5580000,0x00000000d5580000,0x00000000d6080000)
  from space 1024K, 87% used [0x00000000d6080000,0x00000000d6160000,0x00000000d6180000)
  to   space 1536K, 0% used [0x00000000d6280000,0x00000000d6280000,0x00000000d6400000)
 ParOldGen       total 68608K, used 52436K [0x0000000080000000, 0x0000000084300000, 0x00000000d5580000)
  object space 68608K, 76% used [0x0000000080000000,0x0000000083335078,0x0000000084300000)
 Metaspace       used 63202K, committed 64192K, reserved 1105920K
  class space    used 7276K, committed 7744K, reserved 1048576K
}
Event: 12.983 GC heap before
{Heap before GC invocations=47 (full 3):
 PSYoungGen      total 12288K, used 12160K [0x00000000d5580000, 0x00000000d6400000, 0x0000000100000000)
  eden space 11264K, 100% used [0x00000000d5580000,0x00000000d6080000,0x00000000d6080000)
  from space 1024K, 87% used [0x00000000d6080000,0x00000000d6160000,0x00000000d6180000)
  to   space 1536K, 0% used [0x00000000d6280000,0x00000000d6280000,0x00000000d6400000)
 ParOldGen       total 68608K, used 52436K [0x0000000080000000, 0x0000000084300000, 0x00000000d5580000)
  object space 68608K, 76% used [0x0000000080000000,0x0000000083335078,0x0000000084300000)
 Metaspace       used 63957K, committed 64896K, reserved 1114112K
  class space    used 7351K, committed 7808K, reserved 1048576K
}
Event: 12.984 GC heap after
{Heap after GC invocations=47 (full 3):
 PSYoungGen      total 12800K, used 1061K [0x00000000d5580000, 0x00000000d6400000, 0x0000000100000000)
  eden space 11264K, 0% used [0x00000000d5580000,0x00000000d5580000,0x00000000d6080000)
  from space 1536K, 69% used [0x00000000d6280000,0x00000000d63894b8,0x00000000d6400000)
  to   space 1536K, 0% used [0x00000000d6100000,0x00000000d6100000,0x00000000d6280000)
 ParOldGen       total 68608K, used 53196K [0x0000000080000000, 0x0000000084300000, 0x00000000d5580000)
  object space 68608K, 77% used [0x0000000080000000,0x00000000833f3168,0x0000000084300000)
 Metaspace       used 63957K, committed 64896K, reserved 1114112K
  class space    used 7351K, committed 7808K, reserved 1048576K
}
Event: 13.054 GC heap before
{Heap before GC invocations=48 (full 3):
 PSYoungGen      total 12800K, used 12325K [0x00000000d5580000, 0x00000000d6400000, 0x0000000100000000)
  eden space 11264K, 100% used [0x00000000d5580000,0x00000000d6080000,0x00000000d6080000)
  from space 1536K, 69% used [0x00000000d6280000,0x00000000d63894b8,0x00000000d6400000)
  to   space 1536K, 0% used [0x00000000d6100000,0x00000000d6100000,0x00000000d6280000)
 ParOldGen       total 68608K, used 53196K [0x0000000080000000, 0x0000000084300000, 0x00000000d5580000)
  object space 68608K, 77% used [0x0000000080000000,0x00000000833f3168,0x0000000084300000)
 Metaspace       used 64441K, committed 65536K, reserved 1114112K
  class space    used 7393K, committed 7872K, reserved 1048576K
}
Event: 13.055 GC heap after
{Heap after GC invocations=48 (full 3):
 PSYoungGen      total 12288K, used 698K [0x00000000d5580000, 0x00000000d6300000, 0x0000000100000000)
  eden space 11264K, 0% used [0x00000000d5580000,0x00000000d5580000,0x00000000d6080000)
  from space 1024K, 68% used [0x00000000d6100000,0x00000000d61ae918,0x00000000d6200000)
  to   space 1024K, 0% used [0x00000000d6200000,0x00000000d6200000,0x00000000d6300000)
 ParOldGen       total 68608K, used 54104K [0x0000000080000000, 0x0000000084300000, 0x00000000d5580000)
  object space 68608K, 78% used [0x0000000080000000,0x00000000834d6110,0x0000000084300000)
 Metaspace       used 64441K, committed 65536K, reserved 1114112K
  class space    used 7393K, committed 7872K, reserved 1048576K
}
Event: 13.067 GC heap before
{Heap before GC invocations=49 (full 3):
 PSYoungGen      total 12288K, used 11962K [0x00000000d5580000, 0x00000000d6300000, 0x0000000100000000)
  eden space 11264K, 100% used [0x00000000d5580000,0x00000000d6080000,0x00000000d6080000)
  from space 1024K, 68% used [0x00000000d6100000,0x00000000d61ae918,0x00000000d6200000)
  to   space 1024K, 0% used [0x00000000d6200000,0x00000000d6200000,0x00000000d6300000)
 ParOldGen       total 68608K, used 54104K [0x0000000080000000, 0x0000000084300000, 0x00000000d5580000)
  object space 68608K, 78% used [0x0000000080000000,0x00000000834d6110,0x0000000084300000)
 Metaspace       used 64444K, committed 65536K, reserved 1114112K
  class space    used 7393K, committed 7872K, reserved 1048576K
}
Event: 13.068 GC heap after
{Heap after GC invocations=49 (full 3):
 PSYoungGen      total 11776K, used 288K [0x00000000d5580000, 0x00000000d6280000, 0x0000000100000000)
  eden space 11264K, 0% used [0x00000000d5580000,0x00000000d5580000,0x00000000d6080000)
  from space 512K, 56% used [0x00000000d6200000,0x00000000d6248000,0x00000000d6280000)
  to   space 512K, 0% used [0x00000000d6180000,0x00000000d6180000,0x00000000d6200000)
 ParOldGen       total 68608K, used 54663K [0x0000000080000000, 0x0000000084300000, 0x00000000d5580000)
  object space 68608K, 79% used [0x0000000080000000,0x0000000083561f70,0x0000000084300000)
 Metaspace       used 64444K, committed 65536K, reserved 1114112K
  class space    used 7393K, committed 7872K, reserved 1048576K
}
Event: 13.082 GC heap before
{Heap before GC invocations=50 (full 3):
 PSYoungGen      total 11776K, used 11552K [0x00000000d5580000, 0x00000000d6280000, 0x0000000100000000)
  eden space 11264K, 100% used [0x00000000d5580000,0x00000000d6080000,0x00000000d6080000)
  from space 512K, 56% used [0x00000000d6200000,0x00000000d6248000,0x00000000d6280000)
  to   space 512K, 0% used [0x00000000d6180000,0x00000000d6180000,0x00000000d6200000)
 ParOldGen       total 68608K, used 54663K [0x0000000080000000, 0x0000000084300000, 0x00000000d5580000)
  object space 68608K, 79% used [0x0000000080000000,0x0000000083561f70,0x0000000084300000)
 Metaspace       used 64445K, committed 65536K, reserved 1114112K
  class space    used 7393K, committed 7872K, reserved 1048576K
}
Event: 13.083 GC heap after
{Heap after GC invocations=50 (full 3):
 PSYoungGen      total 11776K, used 192K [0x00000000d5580000, 0x00000000d6280000, 0x0000000100000000)
  eden space 11264K, 0% used [0x00000000d5580000,0x00000000d5580000,0x00000000d6080000)
  from space 512K, 37% used [0x00000000d6180000,0x00000000d61b0000,0x00000000d6200000)
  to   space 512K, 0% used [0x00000000d6200000,0x00000000d6200000,0x00000000d6280000)
 ParOldGen       total 68608K, used 54719K [0x0000000080000000, 0x0000000084300000, 0x00000000d5580000)
  object space 68608K, 79% used [0x0000000080000000,0x000000008356ff70,0x0000000084300000)
 Metaspace       used 64445K, committed 65536K, reserved 1114112K
  class space    used 7393K, committed 7872K, reserved 1048576K
}

