# JRE version: OpenJDK Runtime Environment Temurin-17.0.6+10 (17.0.6+10) (build 17.0.6+10)
# Java VM: OpenJDK 64-Bit Server VM Temurin-17.0.6+10 (17.0.6+10, mixed mode, tiered, compressed oops, compressed class ptrs, parallel gc, windows-amd64)
GC Precious Log:
 CPUs: 12 total, 12 available
 Memory: 15516M
 Large Page Support: Disabled
 NUMA Support: Disabled
 Compressed Oops: Enabled (32-bit)
 Alignments: Space 512K, Generation 512K, Heap 2M
 Heap Min Capacity: 100M
 Heap Initial Capacity: 100M
 Heap Max Capacity: 2G
 Pre-touch: Disabled
 Parallel Workers: 10
Heap:
 PSYoungGen      total 25088K, used 12658K [0x00000000d5580000, 0x00000000d7100000, 0x0000000100000000)
  eden space 22016K, 44% used [0x00000000d5580000,0x00000000d5f15ba8,0x00000000d6b00000)
  from space 3072K, 92% used [0x00000000d6e00000,0x00000000d70c6d28,0x00000000d7100000)
  to   space 3072K, 0% used [0x00000000d6b00000,0x00000000d6b00000,0x00000000d6e00000)
 ParOldGen       total 68608K, used 21026K [0x0000000080000000, 0x0000000084300000, 0x00000000d5580000)
  object space 68608K, 30% used [0x0000000080000000,0x0000000081488828,0x0000000084300000)
 Metaspace       used 52424K, committed 53312K, reserved 1097728K
  class space    used 5818K, committed 6208K, reserved 1048576K
GC Heap History (20 events):
Event: 5.704 GC heap before
{Heap before GC invocations=9 (full 1):
 PSYoungGen      total 27648K, used 27623K [0x00000000d5580000, 0x00000000d7500000, 0x0000000100000000)
  eden space 24064K, 100% used [0x00000000d5580000,0x00000000d6d00000,0x00000000d6d00000)
  from space 3584K, 99% used [0x00000000d6d80000,0x00000000d70f9c98,0x00000000d7100000)
  to   space 4096K, 0% used [0x00000000d7100000,0x00000000d7100000,0x00000000d7500000)
 ParOldGen       total 68608K, used 8254K [0x0000000080000000, 0x0000000084300000, 0x00000000d5580000)
  object space 68608K, 12% used [0x0000000080000000,0x000000008080fbc0,0x0000000084300000)
 Metaspace       used 34710K, committed 35520K, reserved 1081344K
  class space    used 3510K, committed 3904K, reserved 1048576K
}
Event: 5.706 GC heap after
{Heap after GC invocations=9 (full 1):
 PSYoungGen      total 27136K, used 4076K [0x00000000d5580000, 0x00000000d7680000, 0x0000000100000000)
  eden space 23040K, 0% used [0x00000000d5580000,0x00000000d5580000,0x00000000d6c00000)
  from space 4096K, 99% used [0x00000000d7100000,0x00000000d74fb308,0x00000000d7500000)
  to   space 5120K, 0% used [0x00000000d6c00000,0x00000000d6c00000,0x00000000d7100000)
 ParOldGen       total 68608K, used 9054K [0x0000000080000000, 0x0000000084300000, 0x00000000d5580000)
  object space 68608K, 13% used [0x0000000080000000,0x00000000808d7bf0,0x0000000084300000)
 Metaspace       used 34710K, committed 35520K, reserved 1081344K
  class space    used 3510K, committed 3904K, reserved 1048576K
}
Event: 5.717 GC heap before
{Heap before GC invocations=10 (full 1):
 PSYoungGen      total 27136K, used 7074K [0x00000000d5580000, 0x00000000d7680000, 0x0000000100000000)
  eden space 23040K, 13% used [0x00000000d5580000,0x00000000d586d750,0x00000000d6c00000)
  from space 4096K, 99% used [0x00000000d7100000,0x00000000d74fb308,0x00000000d7500000)
  to   space 5120K, 0% used [0x00000000d6c00000,0x00000000d6c00000,0x00000000d7100000)
 ParOldGen       total 68608K, used 9054K [0x0000000080000000, 0x0000000084300000, 0x00000000d5580000)
  object space 68608K, 13% used [0x0000000080000000,0x00000000808d7bf0,0x0000000084300000)
 Metaspace       used 35143K, committed 35840K, reserved 1081344K
  class space    used 3562K, committed 3904K, reserved 1048576K
}
Event: 5.718 GC heap after
{Heap after GC invocations=10 (full 1):
 PSYoungGen      total 25600K, used 2413K [0x00000000d5580000, 0x00000000d7380000, 0x0000000100000000)
  eden space 23040K, 0% used [0x00000000d5580000,0x00000000d5580000,0x00000000d6c00000)
  from space 2560K, 94% used [0x00000000d6c00000,0x00000000d6e5b7f8,0x00000000d6e80000)
  to   space 3584K, 0% used [0x00000000d7000000,0x00000000d7000000,0x00000000d7380000)
 ParOldGen       total 68608K, used 10964K [0x0000000080000000, 0x0000000084300000, 0x00000000d5580000)
  object space 68608K, 15% used [0x0000000080000000,0x0000000080ab5210,0x0000000084300000)
 Metaspace       used 35143K, committed 35840K, reserved 1081344K
  class space    used 3562K, committed 3904K, reserved 1048576K
}
Event: 5.718 GC heap before
{Heap before GC invocations=11 (full 2):
 PSYoungGen      total 25600K, used 2413K [0x00000000d5580000, 0x00000000d7380000, 0x0000000100000000)
  eden space 23040K, 0% used [0x00000000d5580000,0x00000000d5580000,0x00000000d6c00000)
  from space 2560K, 94% used [0x00000000d6c00000,0x00000000d6e5b7f8,0x00000000d6e80000)
  to   space 3584K, 0% used [0x00000000d7000000,0x00000000d7000000,0x00000000d7380000)
 ParOldGen       total 68608K, used 10964K [0x0000000080000000, 0x0000000084300000, 0x00000000d5580000)
  object space 68608K, 15% used [0x0000000080000000,0x0000000080ab5210,0x0000000084300000)
 Metaspace       used 35143K, committed 35840K, reserved 1081344K
  class space    used 3562K, committed 3904K, reserved 1048576K
}
Event: 5.729 GC heap after
{Heap after GC invocations=11 (full 2):
 PSYoungGen      total 25600K, used 0K [0x00000000d5580000, 0x00000000d7380000, 0x0000000100000000)
  eden space 23040K, 0% used [0x00000000d5580000,0x00000000d5580000,0x00000000d6c00000)
  from space 2560K, 0% used [0x00000000d6c00000,0x00000000d6c00000,0x00000000d6e80000)
  to   space 3584K, 0% used [0x00000000d7000000,0x00000000d7000000,0x00000000d7380000)
 ParOldGen       total 68608K, used 13056K [0x0000000080000000, 0x0000000084300000, 0x00000000d5580000)
  object space 68608K, 19% used [0x0000000080000000,0x0000000080cc03e0,0x0000000084300000)
 Metaspace       used 35143K, committed 35840K, reserved 1081344K
  class space    used 3562K, committed 3904K, reserved 1048576K
}
Event: 5.947 GC heap before
{Heap before GC invocations=12 (full 2):
 PSYoungGen      total 25600K, used 23040K [0x00000000d5580000, 0x00000000d7380000, 0x0000000100000000)
  eden space 23040K, 100% used [0x00000000d5580000,0x00000000d6c00000,0x00000000d6c00000)
  from space 2560K, 0% used [0x00000000d6c00000,0x00000000d6c00000,0x00000000d6e80000)
  to   space 3584K, 0% used [0x00000000d7000000,0x00000000d7000000,0x00000000d7380000)
 ParOldGen       total 68608K, used 13056K [0x0000000080000000, 0x0000000084300000, 0x00000000d5580000)
  object space 68608K, 19% used [0x0000000080000000,0x0000000080cc03e0,0x0000000084300000)
 Metaspace       used 38274K, committed 39104K, reserved 1089536K
  class space    used 3980K, committed 4352K, reserved 1048576K
}
Event: 5.948 GC heap after
{Heap after GC invocations=12 (full 2):
 PSYoungGen      total 24064K, used 1116K [0x00000000d5580000, 0x00000000d7180000, 0x0000000100000000)
  eden space 22528K, 0% used [0x00000000d5580000,0x00000000d5580000,0x00000000d6b80000)
  from space 1536K, 72% used [0x00000000d7000000,0x00000000d7117230,0x00000000d7180000)
  to   space 2048K, 0% used [0x00000000d6d80000,0x00000000d6d80000,0x00000000d6f80000)
 ParOldGen       total 68608K, used 13064K [0x0000000080000000, 0x0000000084300000, 0x00000000d5580000)
  object space 68608K, 19% used [0x0000000080000000,0x0000000080cc23e0,0x0000000084300000)
 Metaspace       used 38274K, committed 39104K, reserved 1089536K
  class space    used 3980K, committed 4352K, reserved 1048576K
}
Event: 6.244 GC heap before
{Heap before GC invocations=13 (full 2):
 PSYoungGen      total 24064K, used 23634K [0x00000000d5580000, 0x00000000d7180000, 0x0000000100000000)
  eden space 22528K, 99% used [0x00000000d5580000,0x00000000d6b7d758,0x00000000d6b80000)
  from space 1536K, 72% used [0x00000000d7000000,0x00000000d7117230,0x00000000d7180000)
  to   space 2048K, 0% used [0x00000000d6d80000,0x00000000d6d80000,0x00000000d6f80000)
 ParOldGen       total 68608K, used 13064K [0x0000000080000000, 0x0000000084300000, 0x00000000d5580000)
  object space 68608K, 19% used [0x0000000080000000,0x0000000080cc23e0,0x0000000084300000)
 Metaspace       used 40449K, committed 41216K, reserved 1089536K
  class space    used 4266K, committed 4608K, reserved 1048576K
}
Event: 6.245 GC heap after
{Heap after GC invocations=13 (full 2):
 PSYoungGen      total 23040K, used 859K [0x00000000d5580000, 0x00000000d7080000, 0x0000000100000000)
  eden space 22016K, 0% used [0x00000000d5580000,0x00000000d5580000,0x00000000d6b00000)
  from space 1024K, 83% used [0x00000000d6d80000,0x00000000d6e56da8,0x00000000d6e80000)
  to   space 1536K, 0% used [0x00000000d6f00000,0x00000000d6f00000,0x00000000d7080000)
 ParOldGen       total 68608K, used 13993K [0x0000000080000000, 0x0000000084300000, 0x00000000d5580000)
  object space 68608K, 20% used [0x0000000080000000,0x0000000080daa4b8,0x0000000084300000)
 Metaspace       used 40449K, committed 41216K, reserved 1089536K
  class space    used 4266K, committed 4608K, reserved 1048576K
}
Event: 6.592 GC heap before
{Heap before GC invocations=14 (full 2):
 PSYoungGen      total 23040K, used 22875K [0x00000000d5580000, 0x00000000d7080000, 0x0000000100000000)
  eden space 22016K, 100% used [0x00000000d5580000,0x00000000d6b00000,0x00000000d6b00000)
  from space 1024K, 83% used [0x00000000d6d80000,0x00000000d6e56da8,0x00000000d6e80000)
  to   space 1536K, 0% used [0x00000000d6f00000,0x00000000d6f00000,0x00000000d7080000)
 ParOldGen       total 68608K, used 13993K [0x0000000080000000, 0x0000000084300000, 0x00000000d5580000)
  object space 68608K, 20% used [0x0000000080000000,0x0000000080daa4b8,0x0000000084300000)
 Metaspace       used 43264K, committed 44032K, reserved 1089536K
  class space    used 4627K, committed 4992K, reserved 1048576K
}
Event: 6.593 GC heap after
{Heap after GC invocations=14 (full 2):
 PSYoungGen      total 23552K, used 1440K [0x00000000d5580000, 0x00000000d7080000, 0x0000000100000000)
  eden space 22016K, 0% used [0x00000000d5580000,0x00000000d5580000,0x00000000d6b00000)
  from space 1536K, 93% used [0x00000000d6f00000,0x00000000d7068000,0x00000000d7080000)
  to   space 2048K, 0% used [0x00000000d6c80000,0x00000000d6c80000,0x00000000d6e80000)
 ParOldGen       total 68608K, used 14657K [0x0000000080000000, 0x0000000084300000, 0x00000000d5580000)
  object space 68608K, 21% used [0x0000000080000000,0x0000000080e504b8,0x0000000084300000)
 Metaspace       used 43264K, committed 44032K, reserved 1089536K
  class space    used 4627K, committed 4992K, reserved 1048576K
}
Event: 7.680 GC heap before
{Heap before GC invocations=15 (full 2):
 PSYoungGen      total 23552K, used 23456K [0x00000000d5580000, 0x00000000d7080000, 0x0000000100000000)
  eden space 22016K, 100% used [0x00000000d5580000,0x00000000d6b00000,0x00000000d6b00000)
  from space 1536K, 93% used [0x00000000d6f00000,0x00000000d7068000,0x00000000d7080000)
  to   space 2048K, 0% used [0x00000000d6c80000,0x00000000d6c80000,0x00000000d6e80000)
 ParOldGen       total 68608K, used 14657K [0x0000000080000000, 0x0000000084300000, 0x00000000d5580000)
  object space 68608K, 21% used [0x0000000080000000,0x0000000080e504b8,0x0000000084300000)
 Metaspace       used 45430K, committed 46272K, reserved 1089536K
  class space    used 4886K, committed 5312K, reserved 1048576K
}
Event: 7.681 GC heap after
{Heap after GC invocations=15 (full 2):
 PSYoungGen      total 24064K, used 1670K [0x00000000d5580000, 0x00000000d6f80000, 0x0000000100000000)
  eden space 22016K, 0% used [0x00000000d5580000,0x00000000d5580000,0x00000000d6b00000)
  from space 2048K, 81% used [0x00000000d6c80000,0x00000000d6e21820,0x00000000d6e80000)
  to   space 1024K, 0% used [0x00000000d6e80000,0x00000000d6e80000,0x00000000d6f80000)
 ParOldGen       total 68608K, used 15936K [0x0000000080000000, 0x0000000084300000, 0x00000000d5580000)
  object space 68608K, 23% used [0x0000000080000000,0x0000000080f901b8,0x0000000084300000)
 Metaspace       used 45430K, committed 46272K, reserved 1089536K
  class space    used 4886K, committed 5312K, reserved 1048576K
}
Event: 7.809 GC heap before
{Heap before GC invocations=16 (full 2):
 PSYoungGen      total 24064K, used 22174K [0x00000000d5580000, 0x00000000d6f80000, 0x0000000100000000)
  eden space 22016K, 93% used [0x00000000d5580000,0x00000000d6986278,0x00000000d6b00000)
  from space 2048K, 81% used [0x00000000d6c80000,0x00000000d6e21820,0x00000000d6e80000)
  to   space 1024K, 0% used [0x00000000d6e80000,0x00000000d6e80000,0x00000000d6f80000)
 ParOldGen       total 68608K, used 15936K [0x0000000080000000, 0x0000000084300000, 0x00000000d5580000)
  object space 68608K, 23% used [0x0000000080000000,0x0000000080f901b8,0x0000000084300000)
 Metaspace       used 48043K, committed 48896K, reserved 1097728K
  class space    used 5195K, committed 5568K, reserved 1048576K
}
Event: 7.811 GC heap after
{Heap after GC invocations=16 (full 2):
 PSYoungGen      total 23040K, used 1024K [0x00000000d5580000, 0x00000000d7200000, 0x0000000100000000)
  eden space 22016K, 0% used [0x00000000d5580000,0x00000000d5580000,0x00000000d6b00000)
  from space 1024K, 100% used [0x00000000d6e80000,0x00000000d6f80000,0x00000000d6f80000)
  to   space 3584K, 0% used [0x00000000d6b00000,0x00000000d6b00000,0x00000000d6e80000)
 ParOldGen       total 68608K, used 17882K [0x0000000080000000, 0x0000000084300000, 0x00000000d5580000)
  object space 68608K, 26% used [0x0000000080000000,0x00000000811768a0,0x0000000084300000)
 Metaspace       used 48043K, committed 48896K, reserved 1097728K
  class space    used 5195K, committed 5568K, reserved 1048576K
}
Event: 7.861 GC heap before
{Heap before GC invocations=17 (full 2):
 PSYoungGen      total 23040K, used 23040K [0x00000000d5580000, 0x00000000d7200000, 0x0000000100000000)
  eden space 22016K, 100% used [0x00000000d5580000,0x00000000d6b00000,0x00000000d6b00000)
  from space 1024K, 100% used [0x00000000d6e80000,0x00000000d6f80000,0x00000000d6f80000)
  to   space 3584K, 0% used [0x00000000d6b00000,0x00000000d6b00000,0x00000000d6e80000)
 ParOldGen       total 68608K, used 17882K [0x0000000080000000, 0x0000000084300000, 0x00000000d5580000)
  object space 68608K, 26% used [0x0000000080000000,0x00000000811768a0,0x0000000084300000)
 Metaspace       used 48963K, committed 49792K, reserved 1097728K
  class space    used 5332K, committed 5696K, reserved 1048576K
}
Event: 7.863 GC heap after
{Heap after GC invocations=17 (full 2):
 PSYoungGen      total 25088K, used 2991K [0x00000000d5580000, 0x00000000d7100000, 0x0000000100000000)
  eden space 22016K, 0% used [0x00000000d5580000,0x00000000d5580000,0x00000000d6b00000)
  from space 3072K, 97% used [0x00000000d6b00000,0x00000000d6debf58,0x00000000d6e00000)
  to   space 3072K, 0% used [0x00000000d6e00000,0x00000000d6e00000,0x00000000d7100000)
 ParOldGen       total 68608K, used 18890K [0x0000000080000000, 0x0000000084300000, 0x00000000d5580000)
  object space 68608K, 27% used [0x0000000080000000,0x00000000812728c0,0x0000000084300000)
 Metaspace       used 48963K, committed 49792K, reserved 1097728K
  class space    used 5332K, committed 5696K, reserved 1048576K
}
Event: 8.075 GC heap before
{Heap before GC invocations=18 (full 2):
 PSYoungGen      total 25088K, used 25006K [0x00000000d5580000, 0x00000000d7100000, 0x0000000100000000)
  eden space 22016K, 99% used [0x00000000d5580000,0x00000000d6affb90,0x00000000d6b00000)
  from space 3072K, 97% used [0x00000000d6b00000,0x00000000d6debf58,0x00000000d6e00000)
  to   space 3072K, 0% used [0x00000000d6e00000,0x00000000d6e00000,0x00000000d7100000)
 ParOldGen       total 68608K, used 18890K [0x0000000080000000, 0x0000000084300000, 0x00000000d5580000)
  object space 68608K, 27% used [0x0000000080000000,0x00000000812728c0,0x0000000084300000)
 Metaspace       used 51154K, committed 52096K, reserved 1097728K
  class space    used 5628K, committed 6080K, reserved 1048576K
}
Event: 8.077 GC heap after
{Heap after GC invocations=18 (full 2):
 PSYoungGen      total 25088K, used 2843K [0x00000000d5580000, 0x00000000d7100000, 0x0000000100000000)
  eden space 22016K, 0% used [0x00000000d5580000,0x00000000d5580000,0x00000000d6b00000)
  from space 3072K, 92% used [0x00000000d6e00000,0x00000000d70c6d28,0x00000000d7100000)
  to   space 3072K, 0% used [0x00000000d6b00000,0x00000000d6b00000,0x00000000d6e00000)
 ParOldGen       total 68608K, used 21026K [0x0000000080000000, 0x0000000084300000, 0x00000000d5580000)
  object space 68608K, 30% used [0x0000000080000000,0x0000000081488828,0x0000000084300000)
 Metaspace       used 51154K, committed 52096K, reserved 1097728K
  class space    used 5628K, committed 6080K, reserved 1048576K
}

