# JRE version: OpenJDK Runtime Environment Temurin-17.0.6+10 (17.0.6+10) (build 17.0.6+10)
# Java VM: OpenJDK 64-Bit Server VM Temurin-17.0.6+10 (17.0.6+10, mixed mode, tiered, compressed oops, compressed class ptrs, parallel gc, windows-amd64)
GC Precious Log:
 CPUs: 12 total, 12 available
 Memory: 15516M
 Large Page Support: Disabled
 NUMA Support: Disabled
 Compressed Oops: Enabled (32-bit)
 Alignments: Space 512K, Generation 512K, Heap 2M
 Heap Min Capacity: 100M
 Heap Initial Capacity: 100M
 Heap Max Capacity: 2G
 Pre-touch: Disabled
 Parallel Workers: 10
Heap:
 PSYoungGen      total 11264K, used 4091K [0x00000000d5580000, 0x00000000d6280000, 0x0000000100000000)
  eden space 10240K, 36% used [0x00000000d5580000,0x00000000d592ef38,0x00000000d5f80000)
  from space 1024K, 31% used [0x00000000d6080000,0x00000000d60d0000,0x00000000d6180000)
  to   space 512K, 0% used [0x00000000d6200000,0x00000000d6200000,0x00000000d6280000)
 ParOldGen       total 68608K, used 47878K [0x0000000080000000, 0x0000000084300000, 0x00000000d5580000)
  object space 68608K, 69% used [0x0000000080000000,0x0000000082ec1950,0x0000000084300000)
 Metaspace       used 62250K, committed 63232K, reserved 1105920K
  class space    used 7245K, committed 7744K, reserved 1048576K
GC Heap History (20 events):
Event: 3.612 GC heap before
{Heap before GC invocations=37 (full 3):
 PSYoungGen      total 12288K, used 11392K [0x00000000d5580000, 0x00000000d6600000, 0x0000000100000000)
  eden space 10240K, 100% used [0x00000000d5580000,0x00000000d5f80000,0x00000000d5f80000)
  from space 2048K, 56% used [0x00000000d6200000,0x00000000d6320010,0x00000000d6400000)
  to   space 1536K, 0% used [0x00000000d6480000,0x00000000d6480000,0x00000000d6600000)
 ParOldGen       total 68608K, used 37813K [0x0000000080000000, 0x0000000084300000, 0x00000000d5580000)
  object space 68608K, 55% used [0x0000000080000000,0x00000000824ed760,0x0000000084300000)
 Metaspace       used 59864K, committed 60864K, reserved 1105920K
  class space    used 6920K, committed 7360K, reserved 1048576K
}
Event: 3.612 GC heap after
{Heap after GC invocations=37 (full 3):
 PSYoungGen      total 11776K, used 1120K [0x00000000d5580000, 0x00000000d6600000, 0x0000000100000000)
  eden space 10240K, 0% used [0x00000000d5580000,0x00000000d5580000,0x00000000d5f80000)
  from space 1536K, 72% used [0x00000000d6480000,0x00000000d6598000,0x00000000d6600000)
  to   space 1536K, 0% used [0x00000000d6300000,0x00000000d6300000,0x00000000d6480000)
 ParOldGen       total 68608K, used 38861K [0x0000000080000000, 0x0000000084300000, 0x00000000d5580000)
  object space 68608K, 56% used [0x0000000080000000,0x00000000825f3770,0x0000000084300000)
 Metaspace       used 59864K, committed 60864K, reserved 1105920K
  class space    used 6920K, committed 7360K, reserved 1048576K
}
Event: 3.625 GC heap before
{Heap before GC invocations=38 (full 3):
 PSYoungGen      total 11776K, used 11360K [0x00000000d5580000, 0x00000000d6600000, 0x0000000100000000)
  eden space 10240K, 100% used [0x00000000d5580000,0x00000000d5f80000,0x00000000d5f80000)
  from space 1536K, 72% used [0x00000000d6480000,0x00000000d6598000,0x00000000d6600000)
  to   space 1536K, 0% used [0x00000000d6300000,0x00000000d6300000,0x00000000d6480000)
 ParOldGen       total 68608K, used 38861K [0x0000000080000000, 0x0000000084300000, 0x00000000d5580000)
  object space 68608K, 56% used [0x0000000080000000,0x00000000825f3770,0x0000000084300000)
 Metaspace       used 59931K, committed 60928K, reserved 1105920K
  class space    used 6931K, committed 7360K, reserved 1048576K
}
Event: 3.626 GC heap after
{Heap after GC invocations=38 (full 3):
 PSYoungGen      total 11776K, used 1184K [0x00000000d5580000, 0x00000000d6500000, 0x0000000100000000)
  eden space 10240K, 0% used [0x00000000d5580000,0x00000000d5580000,0x00000000d5f80000)
  from space 1536K, 77% used [0x00000000d6300000,0x00000000d6428010,0x00000000d6480000)
  to   space 512K, 0% used [0x00000000d6480000,0x00000000d6480000,0x00000000d6500000)
 ParOldGen       total 68608K, used 39850K [0x0000000080000000, 0x0000000084300000, 0x00000000d5580000)
  object space 68608K, 58% used [0x0000000080000000,0x00000000826ea870,0x0000000084300000)
 Metaspace       used 59931K, committed 60928K, reserved 1105920K
  class space    used 6931K, committed 7360K, reserved 1048576K
}
Event: 3.634 GC heap before
{Heap before GC invocations=39 (full 3):
 PSYoungGen      total 11776K, used 11424K [0x00000000d5580000, 0x00000000d6500000, 0x0000000100000000)
  eden space 10240K, 100% used [0x00000000d5580000,0x00000000d5f80000,0x00000000d5f80000)
  from space 1536K, 77% used [0x00000000d6300000,0x00000000d6428010,0x00000000d6480000)
  to   space 512K, 0% used [0x00000000d6480000,0x00000000d6480000,0x00000000d6500000)
 ParOldGen       total 68608K, used 39850K [0x0000000080000000, 0x0000000084300000, 0x00000000d5580000)
  object space 68608K, 58% used [0x0000000080000000,0x00000000826ea870,0x0000000084300000)
 Metaspace       used 59966K, committed 60928K, reserved 1105920K
  class space    used 6934K, committed 7360K, reserved 1048576K
}
Event: 3.635 GC heap after
{Heap after GC invocations=39 (full 3):
 PSYoungGen      total 10752K, used 512K [0x00000000d5580000, 0x00000000d6680000, 0x0000000100000000)
  eden space 10240K, 0% used [0x00000000d5580000,0x00000000d5580000,0x00000000d5f80000)
  from space 512K, 100% used [0x00000000d6480000,0x00000000d6500000,0x00000000d6500000)
  to   space 3584K, 0% used [0x00000000d5f80000,0x00000000d5f80000,0x00000000d6300000)
 ParOldGen       total 68608K, used 42501K [0x0000000080000000, 0x0000000084300000, 0x00000000d5580000)
  object space 68608K, 61% used [0x0000000080000000,0x0000000082981790,0x0000000084300000)
 Metaspace       used 59966K, committed 60928K, reserved 1105920K
  class space    used 6934K, committed 7360K, reserved 1048576K
}
Event: 3.642 GC heap before
{Heap before GC invocations=40 (full 3):
 PSYoungGen      total 10752K, used 10752K [0x00000000d5580000, 0x00000000d6680000, 0x0000000100000000)
  eden space 10240K, 100% used [0x00000000d5580000,0x00000000d5f80000,0x00000000d5f80000)
  from space 512K, 100% used [0x00000000d6480000,0x00000000d6500000,0x00000000d6500000)
  to   space 3584K, 0% used [0x00000000d5f80000,0x00000000d5f80000,0x00000000d6300000)
 ParOldGen       total 68608K, used 42501K [0x0000000080000000, 0x0000000084300000, 0x00000000d5580000)
  object space 68608K, 61% used [0x0000000080000000,0x0000000082981790,0x0000000084300000)
 Metaspace       used 59968K, committed 60928K, reserved 1105920K
  class space    used 6934K, committed 7360K, reserved 1048576K
}
Event: 3.643 GC heap after
{Heap after GC invocations=40 (full 3):
 PSYoungGen      total 13824K, used 1184K [0x00000000d5580000, 0x00000000d6500000, 0x0000000100000000)
  eden space 10240K, 0% used [0x00000000d5580000,0x00000000d5580000,0x00000000d5f80000)
  from space 3584K, 33% used [0x00000000d5f80000,0x00000000d60a8000,0x00000000d6300000)
  to   space 2048K, 0% used [0x00000000d6300000,0x00000000d6300000,0x00000000d6500000)
 ParOldGen       total 68608K, used 43045K [0x0000000080000000, 0x0000000084300000, 0x00000000d5580000)
  object space 68608K, 62% used [0x0000000080000000,0x0000000082a09790,0x0000000084300000)
 Metaspace       used 59968K, committed 60928K, reserved 1105920K
  class space    used 6934K, committed 7360K, reserved 1048576K
}
Event: 3.649 GC heap before
{Heap before GC invocations=41 (full 3):
 PSYoungGen      total 13824K, used 11424K [0x00000000d5580000, 0x00000000d6500000, 0x0000000100000000)
  eden space 10240K, 100% used [0x00000000d5580000,0x00000000d5f80000,0x00000000d5f80000)
  from space 3584K, 33% used [0x00000000d5f80000,0x00000000d60a8000,0x00000000d6300000)
  to   space 2048K, 0% used [0x00000000d6300000,0x00000000d6300000,0x00000000d6500000)
 ParOldGen       total 68608K, used 43045K [0x0000000080000000, 0x0000000084300000, 0x00000000d5580000)
  object space 68608K, 62% used [0x0000000080000000,0x0000000082a09790,0x0000000084300000)
 Metaspace       used 59968K, committed 60928K, reserved 1105920K
  class space    used 6934K, committed 7360K, reserved 1048576K
}
Event: 3.650 GC heap after
{Heap after GC invocations=41 (full 3):
 PSYoungGen      total 11776K, used 1184K [0x00000000d5580000, 0x00000000d6480000, 0x0000000100000000)
  eden space 10240K, 0% used [0x00000000d5580000,0x00000000d5580000,0x00000000d5f80000)
  from space 1536K, 77% used [0x00000000d6300000,0x00000000d6428000,0x00000000d6480000)
  to   space 1536K, 0% used [0x00000000d6180000,0x00000000d6180000,0x00000000d6300000)
 ParOldGen       total 68608K, used 44117K [0x0000000080000000, 0x0000000084300000, 0x00000000d5580000)
  object space 68608K, 64% used [0x0000000080000000,0x0000000082b15790,0x0000000084300000)
 Metaspace       used 59968K, committed 60928K, reserved 1105920K
  class space    used 6934K, committed 7360K, reserved 1048576K
}
Event: 3.657 GC heap before
{Heap before GC invocations=42 (full 3):
 PSYoungGen      total 11776K, used 11424K [0x00000000d5580000, 0x00000000d6480000, 0x0000000100000000)
  eden space 10240K, 100% used [0x00000000d5580000,0x00000000d5f80000,0x00000000d5f80000)
  from space 1536K, 77% used [0x00000000d6300000,0x00000000d6428000,0x00000000d6480000)
  to   space 1536K, 0% used [0x00000000d6180000,0x00000000d6180000,0x00000000d6300000)
 ParOldGen       total 68608K, used 44117K [0x0000000080000000, 0x0000000084300000, 0x00000000d5580000)
  object space 68608K, 64% used [0x0000000080000000,0x0000000082b15790,0x0000000084300000)
 Metaspace       used 59968K, committed 60928K, reserved 1105920K
  class space    used 6934K, committed 7360K, reserved 1048576K
}
Event: 3.658 GC heap after
{Heap after GC invocations=42 (full 3):
 PSYoungGen      total 11776K, used 1408K [0x00000000d5580000, 0x00000000d6380000, 0x0000000100000000)
  eden space 10240K, 0% used [0x00000000d5580000,0x00000000d5580000,0x00000000d5f80000)
  from space 1536K, 91% used [0x00000000d6180000,0x00000000d62e0010,0x00000000d6300000)
  to   space 512K, 0% used [0x00000000d6300000,0x00000000d6300000,0x00000000d6380000)
 ParOldGen       total 68608K, used 45205K [0x0000000080000000, 0x0000000084300000, 0x00000000d5580000)
  object space 68608K, 65% used [0x0000000080000000,0x0000000082c25790,0x0000000084300000)
 Metaspace       used 59968K, committed 60928K, reserved 1105920K
  class space    used 6934K, committed 7360K, reserved 1048576K
}
Event: 3.666 GC heap before
{Heap before GC invocations=43 (full 3):
 PSYoungGen      total 11776K, used 11648K [0x00000000d5580000, 0x00000000d6380000, 0x0000000100000000)
  eden space 10240K, 100% used [0x00000000d5580000,0x00000000d5f80000,0x00000000d5f80000)
  from space 1536K, 91% used [0x00000000d6180000,0x00000000d62e0010,0x00000000d6300000)
  to   space 512K, 0% used [0x00000000d6300000,0x00000000d6300000,0x00000000d6380000)
 ParOldGen       total 68608K, used 45205K [0x0000000080000000, 0x0000000084300000, 0x00000000d5580000)
  object space 68608K, 65% used [0x0000000080000000,0x0000000082c25790,0x0000000084300000)
 Metaspace       used 59968K, committed 60928K, reserved 1105920K
  class space    used 6934K, committed 7360K, reserved 1048576K
}
Event: 3.667 GC heap after
{Heap after GC invocations=43 (full 3):
 PSYoungGen      total 10752K, used 512K [0x00000000d5580000, 0x00000000d6480000, 0x0000000100000000)
  eden space 10240K, 0% used [0x00000000d5580000,0x00000000d5580000,0x00000000d5f80000)
  from space 512K, 100% used [0x00000000d6300000,0x00000000d6380000,0x00000000d6380000)
  to   space 2560K, 0% used [0x00000000d5f80000,0x00000000d5f80000,0x00000000d6200000)
 ParOldGen       total 68608K, used 46669K [0x0000000080000000, 0x0000000084300000, 0x00000000d5580000)
  object space 68608K, 68% used [0x0000000080000000,0x0000000082d937a0,0x0000000084300000)
 Metaspace       used 59968K, committed 60928K, reserved 1105920K
  class space    used 6934K, committed 7360K, reserved 1048576K
}
Event: 3.721 GC heap before
{Heap before GC invocations=44 (full 3):
 PSYoungGen      total 10752K, used 10752K [0x00000000d5580000, 0x00000000d6480000, 0x0000000100000000)
  eden space 10240K, 100% used [0x00000000d5580000,0x00000000d5f80000,0x00000000d5f80000)
  from space 512K, 100% used [0x00000000d6300000,0x00000000d6380000,0x00000000d6380000)
  to   space 2560K, 0% used [0x00000000d5f80000,0x00000000d5f80000,0x00000000d6200000)
 ParOldGen       total 68608K, used 46669K [0x0000000080000000, 0x0000000084300000, 0x00000000d5580000)
  object space 68608K, 68% used [0x0000000080000000,0x0000000082d937a0,0x0000000084300000)
 Metaspace       used 60663K, committed 61696K, reserved 1105920K
  class space    used 7031K, committed 7488K, reserved 1048576K
}
Event: 3.722 GC heap after
{Heap after GC invocations=44 (full 3):
 PSYoungGen      total 12800K, used 672K [0x00000000d5580000, 0x00000000d6380000, 0x0000000100000000)
  eden space 10240K, 0% used [0x00000000d5580000,0x00000000d5580000,0x00000000d5f80000)
  from space 2560K, 26% used [0x00000000d5f80000,0x00000000d6028000,0x00000000d6200000)
  to   space 1536K, 0% used [0x00000000d6200000,0x00000000d6200000,0x00000000d6380000)
 ParOldGen       total 68608K, used 47221K [0x0000000080000000, 0x0000000084300000, 0x00000000d5580000)
  object space 68608K, 68% used [0x0000000080000000,0x0000000082e1d7a0,0x0000000084300000)
 Metaspace       used 60663K, committed 61696K, reserved 1105920K
  class space    used 7031K, committed 7488K, reserved 1048576K
}
Event: 3.792 GC heap before
{Heap before GC invocations=45 (full 3):
 PSYoungGen      total 12800K, used 10912K [0x00000000d5580000, 0x00000000d6380000, 0x0000000100000000)
  eden space 10240K, 100% used [0x00000000d5580000,0x00000000d5f80000,0x00000000d5f80000)
  from space 2560K, 26% used [0x00000000d5f80000,0x00000000d6028000,0x00000000d6200000)
  to   space 1536K, 0% used [0x00000000d6200000,0x00000000d6200000,0x00000000d6380000)
 ParOldGen       total 68608K, used 47221K [0x0000000080000000, 0x0000000084300000, 0x00000000d5580000)
  object space 68608K, 68% used [0x0000000080000000,0x0000000082e1d7a0,0x0000000084300000)
 Metaspace       used 61399K, committed 62400K, reserved 1105920K
  class space    used 7159K, committed 7616K, reserved 1048576K
}
Event: 3.793 GC heap after
{Heap after GC invocations=45 (full 3):
 PSYoungGen      total 10752K, used 320K [0x00000000d5580000, 0x00000000d6280000, 0x0000000100000000)
  eden space 10240K, 0% used [0x00000000d5580000,0x00000000d5580000,0x00000000d5f80000)
  from space 512K, 62% used [0x00000000d6200000,0x00000000d6250000,0x00000000d6280000)
  to   space 1024K, 0% used [0x00000000d6080000,0x00000000d6080000,0x00000000d6180000)
 ParOldGen       total 68608K, used 47742K [0x0000000080000000, 0x0000000084300000, 0x00000000d5580000)
  object space 68608K, 69% used [0x0000000080000000,0x0000000082e9f950,0x0000000084300000)
 Metaspace       used 61399K, committed 62400K, reserved 1105920K
  class space    used 7159K, committed 7616K, reserved 1048576K
}
Event: 3.881 GC heap before
{Heap before GC invocations=46 (full 3):
 PSYoungGen      total 10752K, used 10560K [0x00000000d5580000, 0x00000000d6280000, 0x0000000100000000)
  eden space 10240K, 100% used [0x00000000d5580000,0x00000000d5f80000,0x00000000d5f80000)
  from space 512K, 62% used [0x00000000d6200000,0x00000000d6250000,0x00000000d6280000)
  to   space 1024K, 0% used [0x00000000d6080000,0x00000000d6080000,0x00000000d6180000)
 ParOldGen       total 68608K, used 47742K [0x0000000080000000, 0x0000000084300000, 0x00000000d5580000)
  object space 68608K, 69% used [0x0000000080000000,0x0000000082e9f950,0x0000000084300000)
 Metaspace       used 61963K, committed 62976K, reserved 1105920K
  class space    used 7220K, committed 7680K, reserved 1048576K
}
Event: 3.882 GC heap after
{Heap after GC invocations=46 (full 3):
 PSYoungGen      total 11264K, used 320K [0x00000000d5580000, 0x00000000d6280000, 0x0000000100000000)
  eden space 10240K, 0% used [0x00000000d5580000,0x00000000d5580000,0x00000000d5f80000)
  from space 1024K, 31% used [0x00000000d6080000,0x00000000d60d0000,0x00000000d6180000)
  to   space 512K, 0% used [0x00000000d6200000,0x00000000d6200000,0x00000000d6280000)
 ParOldGen       total 68608K, used 47878K [0x0000000080000000, 0x0000000084300000, 0x00000000d5580000)
  object space 68608K, 69% used [0x0000000080000000,0x0000000082ec1950,0x0000000084300000)
 Metaspace       used 61963K, committed 62976K, reserved 1105920K
  class space    used 7220K, committed 7680K, reserved 1048576K
}

