# JRE version: OpenJDK Runtime Environment Temurin-17.0.6+10 (17.0.6+10) (build 17.0.6+10)
# Java VM: OpenJDK 64-Bit Server VM Temurin-17.0.6+10 (17.0.6+10, mixed mode, emulated-client, tiered, compressed oops, compressed class ptrs, g1 gc, windows-amd64)
GC Precious Log:
 CPUs: 12 total, 12 available
 Memory: 15516M
 Large Page Support: Disabled
 NUMA Support: Disabled
 Compressed Oops: Enabled (32-bit)
 Heap Region Size: 1M
 Heap Min Capacity: 8M
 Heap Initial Capacity: 244M
 Heap Max Capacity: 1G
 Pre-touch: Disabled
 Parallel Workers: 10
 Concurrent Workers: 3
 Concurrent Refinement Workers: 10
 Periodic GC: Disabled
Heap:
 garbage-first heap   total 316416K, used 87568K [0x00000000c0000000, 0x0000000100000000)
  region size 1024K, 8 young (8192K), 8 survivors (8192K)
 Metaspace       used 35766K, committed 36224K, reserved 1081344K
  class space    used 4638K, committed 4864K, reserved 1048576K
GC Heap History (20 events):
Event: 1.150 GC heap after
{Heap after GC invocations=9 (full 0):
 garbage-first heap   total 149504K, used 18595K [0x00000000c0000000, 0x0000000100000000)
  region size 1024K, 2 young (2048K), 2 survivors (2048K)
 Metaspace       used 33914K, committed 34240K, reserved 1081344K
  class space    used 4390K, committed 4544K, reserved 1048576K
}
Event: 1.334 GC heap before
{Heap before GC invocations=9 (full 0):
 garbage-first heap   total 149504K, used 104611K [0x00000000c0000000, 0x0000000100000000)
  region size 1024K, 87 young (89088K), 2 survivors (2048K)
 Metaspace       used 35557K, committed 35968K, reserved 1081344K
  class space    used 4613K, committed 4800K, reserved 1048576K
}
Event: 1.340 GC heap after
{Heap after GC invocations=10 (full 0):
 garbage-first heap   total 149504K, used 33670K [0x00000000c0000000, 0x0000000100000000)
  region size 1024K, 11 young (11264K), 11 survivors (11264K)
 Metaspace       used 35557K, committed 35968K, reserved 1081344K
  class space    used 4613K, committed 4800K, reserved 1048576K
}
Event: 1.429 GC heap before
{Heap before GC invocations=10 (full 0):
 garbage-first heap   total 149504K, used 92038K [0x00000000c0000000, 0x0000000100000000)
  region size 1024K, 69 young (70656K), 11 survivors (11264K)
 Metaspace       used 35563K, committed 35968K, reserved 1081344K
  class space    used 4614K, committed 4800K, reserved 1048576K
}
Event: 1.435 GC heap after
{Heap after GC invocations=11 (full 0):
 garbage-first heap   total 149504K, used 48058K [0x00000000c0000000, 0x0000000100000000)
  region size 1024K, 9 young (9216K), 9 survivors (9216K)
 Metaspace       used 35563K, committed 35968K, reserved 1081344K
  class space    used 4614K, committed 4800K, reserved 1048576K
}
Event: 1.473 GC heap before
{Heap before GC invocations=11 (full 0):
 garbage-first heap   total 149504K, used 101306K [0x00000000c0000000, 0x0000000100000000)
  region size 1024K, 60 young (61440K), 9 survivors (9216K)
 Metaspace       used 35665K, committed 36096K, reserved 1081344K
  class space    used 4624K, committed 4800K, reserved 1048576K
}
Event: 1.484 GC heap after
{Heap after GC invocations=12 (full 0):
 garbage-first heap   total 149504K, used 64774K [0x00000000c0000000, 0x0000000100000000)
  region size 1024K, 8 young (8192K), 8 survivors (8192K)
 Metaspace       used 35665K, committed 36096K, reserved 1081344K
  class space    used 4624K, committed 4800K, reserved 1048576K
}
Event: 1.489 GC heap before
{Heap before GC invocations=12 (full 0):
 garbage-first heap   total 149504K, used 105734K [0x00000000c0000000, 0x0000000100000000)
  region size 1024K, 49 young (50176K), 8 survivors (8192K)
 Metaspace       used 35675K, committed 36096K, reserved 1081344K
  class space    used 4625K, committed 4800K, reserved 1048576K
}
Event: 1.491 GC heap after
{Heap after GC invocations=13 (full 0):
 garbage-first heap   total 149504K, used 68247K [0x00000000c0000000, 0x0000000100000000)
  region size 1024K, 3 young (3072K), 3 survivors (3072K)
 Metaspace       used 35675K, committed 36096K, reserved 1081344K
  class space    used 4625K, committed 4800K, reserved 1048576K
}
Event: 1.495 GC heap before
{Heap before GC invocations=13 (full 0):
 garbage-first heap   total 149504K, used 111255K [0x00000000c0000000, 0x0000000100000000)
  region size 1024K, 46 young (47104K), 3 survivors (3072K)
 Metaspace       used 35683K, committed 36096K, reserved 1081344K
  class space    used 4631K, committed 4800K, reserved 1048576K
}
Event: 1.497 GC heap after
{Heap after GC invocations=14 (full 0):
 garbage-first heap   total 316416K, used 69632K [0x00000000c0000000, 0x0000000100000000)
  region size 1024K, 4 young (4096K), 4 survivors (4096K)
 Metaspace       used 35683K, committed 36096K, reserved 1081344K
  class space    used 4631K, committed 4800K, reserved 1048576K
}
Event: 1.503 GC heap before
{Heap before GC invocations=14 (full 0):
 garbage-first heap   total 316416K, used 108544K [0x00000000c0000000, 0x0000000100000000)
  region size 1024K, 44 young (45056K), 4 survivors (4096K)
 Metaspace       used 35738K, committed 36160K, reserved 1081344K
  class space    used 4634K, committed 4800K, reserved 1048576K
}
Event: 1.505 GC heap after
{Heap after GC invocations=15 (full 0):
 garbage-first heap   total 316416K, used 70946K [0x00000000c0000000, 0x0000000100000000)
  region size 1024K, 6 young (6144K), 6 survivors (6144K)
 Metaspace       used 35738K, committed 36160K, reserved 1081344K
  class space    used 4634K, committed 4800K, reserved 1048576K
}
Event: 1.523 GC heap before
{Heap before GC invocations=15 (full 0):
 garbage-first heap   total 316416K, used 211234K [0x00000000c0000000, 0x0000000100000000)
  region size 1024K, 144 young (147456K), 6 survivors (6144K)
 Metaspace       used 35758K, committed 36224K, reserved 1081344K
  class space    used 4637K, committed 4864K, reserved 1048576K
}
Event: 1.527 GC heap after
{Heap after GC invocations=16 (full 0):
 garbage-first heap   total 316416K, used 76246K [0x00000000c0000000, 0x0000000100000000)
  region size 1024K, 11 young (11264K), 11 survivors (11264K)
 Metaspace       used 35758K, committed 36224K, reserved 1081344K
  class space    used 4637K, committed 4864K, reserved 1048576K
}
Event: 1.555 GC heap before
{Heap before GC invocations=17 (full 0):
 garbage-first heap   total 316416K, used 235990K [0x00000000c0000000, 0x0000000100000000)
  region size 1024K, 169 young (173056K), 11 survivors (11264K)
 Metaspace       used 35766K, committed 36224K, reserved 1081344K
  class space    used 4638K, committed 4864K, reserved 1048576K
}
Event: 1.559 GC heap after
{Heap after GC invocations=18 (full 0):
 garbage-first heap   total 316416K, used 81920K [0x00000000c0000000, 0x0000000100000000)
  region size 1024K, 17 young (17408K), 17 survivors (17408K)
 Metaspace       used 35766K, committed 36224K, reserved 1081344K
  class space    used 4638K, committed 4864K, reserved 1048576K
}
Event: 1.559 GC heap before
{Heap before GC invocations=18 (full 0):
 garbage-first heap   total 316416K, used 89088K [0x00000000c0000000, 0x0000000100000000)
  region size 1024K, 25 young (25600K), 17 survivors (17408K)
 Metaspace       used 35766K, committed 36224K, reserved 1081344K
  class space    used 4638K, committed 4864K, reserved 1048576K
}
Event: 1.564 GC heap after
{Heap after GC invocations=19 (full 0):
 garbage-first heap   total 316416K, used 82951K [0x00000000c0000000, 0x0000000100000000)
  region size 1024K, 3 young (3072K), 3 survivors (3072K)
 Metaspace       used 35766K, committed 36224K, reserved 1081344K
  class space    used 4638K, committed 4864K, reserved 1048576K
}
Event: 1.578 GC heap before
{Heap before GC invocations=19 (full 0):
 garbage-first heap   total 316416K, used 242695K [0x00000000c0000000, 0x0000000100000000)
  region size 1024K, 160 young (163840K), 3 survivors (3072K)
 Metaspace       used 35766K, committed 36224K, reserved 1081344K
  class space    used 4638K, committed 4864K, reserved 1048576K
}

