# JRE version: OpenJDK Runtime Environment Temurin-17.0.6+10 (17.0.6+10) (build 17.0.6+10)
# Java VM: OpenJDK 64-Bit Server VM Temurin-17.0.6+10 (17.0.6+10, mixed mode, tiered, compressed oops, compressed class ptrs, parallel gc, windows-amd64)
GC Precious Log:
 CPUs: 12 total, 12 available
 Memory: 15516M
 Large Page Support: Disabled
 NUMA Support: Disabled
 Compressed Oops: Enabled (32-bit)
 Alignments: Space 512K, Generation 512K, Heap 2M
 Heap Min Capacity: 100M
 Heap Initial Capacity: 100M
 Heap Max Capacity: 2G
 Pre-touch: Disabled
 Parallel Workers: 10
Heap:
 PSYoungGen      total 22528K, used 7933K [0x00000000d5580000, 0x00000000d6f80000, 0x0000000100000000)
  eden space 18432K, 20% used [0x00000000d5580000,0x00000000d5941910,0x00000000d6780000)
  from space 4096K, 99% used [0x00000000d6b80000,0x00000000d6f7ded8,0x00000000d6f80000)
  to   space 3584K, 0% used [0x00000000d6780000,0x00000000d6780000,0x00000000d6b00000)
 ParOldGen       total 68608K, used 25770K [0x0000000080000000, 0x0000000084300000, 0x00000000d5580000)
  object space 68608K, 37% used [0x0000000080000000,0x000000008192ab48,0x0000000084300000)
 Metaspace       used 48808K, committed 49728K, reserved 1097728K
  class space    used 5378K, committed 5760K, reserved 1048576K
GC Heap History (20 events):
Event: 1.868 GC heap before
{Heap before GC invocations=9 (full 1):
 PSYoungGen      total 27136K, used 27114K [0x00000000d5580000, 0x00000000d7500000, 0x0000000100000000)
  eden space 24064K, 100% used [0x00000000d5580000,0x00000000d6d00000,0x00000000d6d00000)
  from space 3072K, 99% used [0x00000000d6e00000,0x00000000d70fab08,0x00000000d7100000)
  to   space 4096K, 0% used [0x00000000d7100000,0x00000000d7100000,0x00000000d7500000)
 ParOldGen       total 68608K, used 8523K [0x0000000080000000, 0x0000000084300000, 0x00000000d5580000)
  object space 68608K, 12% used [0x0000000080000000,0x0000000080852dd0,0x0000000084300000)
 Metaspace       used 34637K, committed 35456K, reserved 1081344K
  class space    used 3505K, committed 3840K, reserved 1048576K
}
Event: 1.869 GC heap after
{Heap after GC invocations=9 (full 1):
 PSYoungGen      total 27136K, used 4073K [0x00000000d5580000, 0x00000000d7680000, 0x0000000100000000)
  eden space 23040K, 0% used [0x00000000d5580000,0x00000000d5580000,0x00000000d6c00000)
  from space 4096K, 99% used [0x00000000d7100000,0x00000000d74fa788,0x00000000d7500000)
  to   space 5120K, 0% used [0x00000000d6c00000,0x00000000d6c00000,0x00000000d7100000)
 ParOldGen       total 68608K, used 9051K [0x0000000080000000, 0x0000000084300000, 0x00000000d5580000)
  object space 68608K, 13% used [0x0000000080000000,0x00000000808d6e00,0x0000000084300000)
 Metaspace       used 34637K, committed 35456K, reserved 1081344K
  class space    used 3505K, committed 3840K, reserved 1048576K
}
Event: 1.891 GC heap before
{Heap before GC invocations=10 (full 1):
 PSYoungGen      total 27136K, used 7507K [0x00000000d5580000, 0x00000000d7680000, 0x0000000100000000)
  eden space 23040K, 14% used [0x00000000d5580000,0x00000000d58da518,0x00000000d6c00000)
  from space 4096K, 99% used [0x00000000d7100000,0x00000000d74fa788,0x00000000d7500000)
  to   space 5120K, 0% used [0x00000000d6c00000,0x00000000d6c00000,0x00000000d7100000)
 ParOldGen       total 68608K, used 9051K [0x0000000080000000, 0x0000000084300000, 0x00000000d5580000)
  object space 68608K, 13% used [0x0000000080000000,0x00000000808d6e00,0x0000000084300000)
 Metaspace       used 35105K, committed 35840K, reserved 1081344K
  class space    used 3567K, committed 3904K, reserved 1048576K
}
Event: 1.893 GC heap after
{Heap after GC invocations=10 (full 1):
 PSYoungGen      total 25600K, used 2492K [0x00000000d5580000, 0x00000000d7380000, 0x0000000100000000)
  eden space 23040K, 0% used [0x00000000d5580000,0x00000000d5580000,0x00000000d6c00000)
  from space 2560K, 97% used [0x00000000d6c00000,0x00000000d6e6f0c0,0x00000000d6e80000)
  to   space 3584K, 0% used [0x00000000d7000000,0x00000000d7000000,0x00000000d7380000)
 ParOldGen       total 68608K, used 11006K [0x0000000080000000, 0x0000000084300000, 0x00000000d5580000)
  object space 68608K, 16% used [0x0000000080000000,0x0000000080abfbf0,0x0000000084300000)
 Metaspace       used 35105K, committed 35840K, reserved 1081344K
  class space    used 3567K, committed 3904K, reserved 1048576K
}
Event: 1.893 GC heap before
{Heap before GC invocations=11 (full 2):
 PSYoungGen      total 25600K, used 2492K [0x00000000d5580000, 0x00000000d7380000, 0x0000000100000000)
  eden space 23040K, 0% used [0x00000000d5580000,0x00000000d5580000,0x00000000d6c00000)
  from space 2560K, 97% used [0x00000000d6c00000,0x00000000d6e6f0c0,0x00000000d6e80000)
  to   space 3584K, 0% used [0x00000000d7000000,0x00000000d7000000,0x00000000d7380000)
 ParOldGen       total 68608K, used 11006K [0x0000000080000000, 0x0000000084300000, 0x00000000d5580000)
  object space 68608K, 16% used [0x0000000080000000,0x0000000080abfbf0,0x0000000084300000)
 Metaspace       used 35105K, committed 35840K, reserved 1081344K
  class space    used 3567K, committed 3904K, reserved 1048576K
}
Event: 1.905 GC heap after
{Heap after GC invocations=11 (full 2):
 PSYoungGen      total 25600K, used 0K [0x00000000d5580000, 0x00000000d7380000, 0x0000000100000000)
  eden space 23040K, 0% used [0x00000000d5580000,0x00000000d5580000,0x00000000d6c00000)
  from space 2560K, 0% used [0x00000000d6c00000,0x00000000d6c00000,0x00000000d6e80000)
  to   space 3584K, 0% used [0x00000000d7000000,0x00000000d7000000,0x00000000d7380000)
 ParOldGen       total 68608K, used 13112K [0x0000000080000000, 0x0000000084300000, 0x00000000d5580000)
  object space 68608K, 19% used [0x0000000080000000,0x0000000080cce0d8,0x0000000084300000)
 Metaspace       used 35105K, committed 35840K, reserved 1081344K
  class space    used 3567K, committed 3904K, reserved 1048576K
}
Event: 2.107 GC heap before
{Heap before GC invocations=12 (full 2):
 PSYoungGen      total 25600K, used 23040K [0x00000000d5580000, 0x00000000d7380000, 0x0000000100000000)
  eden space 23040K, 100% used [0x00000000d5580000,0x00000000d6c00000,0x00000000d6c00000)
  from space 2560K, 0% used [0x00000000d6c00000,0x00000000d6c00000,0x00000000d6e80000)
  to   space 3584K, 0% used [0x00000000d7000000,0x00000000d7000000,0x00000000d7380000)
 ParOldGen       total 68608K, used 13112K [0x0000000080000000, 0x0000000084300000, 0x00000000d5580000)
  object space 68608K, 19% used [0x0000000080000000,0x0000000080cce0d8,0x0000000084300000)
 Metaspace       used 38034K, committed 38784K, reserved 1089536K
  class space    used 3963K, committed 4288K, reserved 1048576K
}
Event: 2.108 GC heap after
{Heap after GC invocations=12 (full 2):
 PSYoungGen      total 24064K, used 1036K [0x00000000d5580000, 0x00000000d7180000, 0x0000000100000000)
  eden space 22528K, 0% used [0x00000000d5580000,0x00000000d5580000,0x00000000d6b80000)
  from space 1536K, 67% used [0x00000000d7000000,0x00000000d7103240,0x00000000d7180000)
  to   space 2048K, 0% used [0x00000000d6d80000,0x00000000d6d80000,0x00000000d6f80000)
 ParOldGen       total 68608K, used 13120K [0x0000000080000000, 0x0000000084300000, 0x00000000d5580000)
  object space 68608K, 19% used [0x0000000080000000,0x0000000080cd00d8,0x0000000084300000)
 Metaspace       used 38034K, committed 38784K, reserved 1089536K
  class space    used 3963K, committed 4288K, reserved 1048576K
}
Event: 2.352 GC heap before
{Heap before GC invocations=13 (full 2):
 PSYoungGen      total 24064K, used 23564K [0x00000000d5580000, 0x00000000d7180000, 0x0000000100000000)
  eden space 22528K, 100% used [0x00000000d5580000,0x00000000d6b80000,0x00000000d6b80000)
  from space 1536K, 67% used [0x00000000d7000000,0x00000000d7103240,0x00000000d7180000)
  to   space 2048K, 0% used [0x00000000d6d80000,0x00000000d6d80000,0x00000000d6f80000)
 ParOldGen       total 68608K, used 13120K [0x0000000080000000, 0x0000000084300000, 0x00000000d5580000)
  object space 68608K, 19% used [0x0000000080000000,0x0000000080cd00d8,0x0000000084300000)
 Metaspace       used 40394K, committed 41088K, reserved 1089536K
  class space    used 4257K, committed 4544K, reserved 1048576K
}
Event: 2.353 GC heap after
{Heap after GC invocations=13 (full 2):
 PSYoungGen      total 24064K, used 832K [0x00000000d5580000, 0x00000000d7080000, 0x0000000100000000)
  eden space 22016K, 0% used [0x00000000d5580000,0x00000000d5580000,0x00000000d6b00000)
  from space 2048K, 40% used [0x00000000d6d80000,0x00000000d6e50000,0x00000000d6f80000)
  to   space 1024K, 0% used [0x00000000d6f80000,0x00000000d6f80000,0x00000000d7080000)
 ParOldGen       total 68608K, used 13892K [0x0000000080000000, 0x0000000084300000, 0x00000000d5580000)
  object space 68608K, 20% used [0x0000000080000000,0x0000000080d91310,0x0000000084300000)
 Metaspace       used 40394K, committed 41088K, reserved 1089536K
  class space    used 4257K, committed 4544K, reserved 1048576K
}
Event: 2.593 GC heap before
{Heap before GC invocations=14 (full 2):
 PSYoungGen      total 24064K, used 22848K [0x00000000d5580000, 0x00000000d7080000, 0x0000000100000000)
  eden space 22016K, 100% used [0x00000000d5580000,0x00000000d6b00000,0x00000000d6b00000)
  from space 2048K, 40% used [0x00000000d6d80000,0x00000000d6e50000,0x00000000d6f80000)
  to   space 1024K, 0% used [0x00000000d6f80000,0x00000000d6f80000,0x00000000d7080000)
 ParOldGen       total 68608K, used 13892K [0x0000000080000000, 0x0000000084300000, 0x00000000d5580000)
  object space 68608K, 20% used [0x0000000080000000,0x0000000080d91310,0x0000000084300000)
 Metaspace       used 43025K, committed 43840K, reserved 1089536K
  class space    used 4603K, committed 4992K, reserved 1048576K
}
Event: 2.594 GC heap after
{Heap after GC invocations=14 (full 2):
 PSYoungGen      total 23040K, used 1024K [0x00000000d5580000, 0x00000000d7080000, 0x0000000100000000)
  eden space 22016K, 0% used [0x00000000d5580000,0x00000000d5580000,0x00000000d6b00000)
  from space 1024K, 100% used [0x00000000d6f80000,0x00000000d7080000,0x00000000d7080000)
  to   space 2560K, 0% used [0x00000000d6b80000,0x00000000d6b80000,0x00000000d6e00000)
 ParOldGen       total 68608K, used 14732K [0x0000000080000000, 0x0000000084300000, 0x00000000d5580000)
  object space 68608K, 21% used [0x0000000080000000,0x0000000080e63310,0x0000000084300000)
 Metaspace       used 43025K, committed 43840K, reserved 1089536K
  class space    used 4603K, committed 4992K, reserved 1048576K
}
Event: 2.745 GC heap before
{Heap before GC invocations=15 (full 2):
 PSYoungGen      total 23040K, used 23039K [0x00000000d5580000, 0x00000000d7080000, 0x0000000100000000)
  eden space 22016K, 99% used [0x00000000d5580000,0x00000000d6affff8,0x00000000d6b00000)
  from space 1024K, 100% used [0x00000000d6f80000,0x00000000d7080000,0x00000000d7080000)
  to   space 2560K, 0% used [0x00000000d6b80000,0x00000000d6b80000,0x00000000d6e00000)
 ParOldGen       total 68608K, used 14732K [0x0000000080000000, 0x0000000084300000, 0x00000000d5580000)
  object space 68608K, 21% used [0x0000000080000000,0x0000000080e63310,0x0000000084300000)
 Metaspace       used 45207K, committed 46080K, reserved 1097728K
  class space    used 4883K, committed 5248K, reserved 1048576K
}
Event: 2.746 GC heap after
{Heap after GC invocations=15 (full 2):
 PSYoungGen      total 24064K, used 2022K [0x00000000d5580000, 0x00000000d7000000, 0x0000000100000000)
  eden space 22016K, 0% used [0x00000000d5580000,0x00000000d5580000,0x00000000d6b00000)
  from space 2048K, 98% used [0x00000000d6b80000,0x00000000d6d79820,0x00000000d6d80000)
  to   space 2560K, 0% used [0x00000000d6d80000,0x00000000d6d80000,0x00000000d7000000)
 ParOldGen       total 68608K, used 15752K [0x0000000080000000, 0x0000000084300000, 0x00000000d5580000)
  object space 68608K, 22% used [0x0000000080000000,0x0000000080f62020,0x0000000084300000)
 Metaspace       used 45207K, committed 46080K, reserved 1097728K
  class space    used 4883K, committed 5248K, reserved 1048576K
}
Event: 2.887 GC heap before
{Heap before GC invocations=16 (full 2):
 PSYoungGen      total 24064K, used 24038K [0x00000000d5580000, 0x00000000d7000000, 0x0000000100000000)
  eden space 22016K, 100% used [0x00000000d5580000,0x00000000d6b00000,0x00000000d6b00000)
  from space 2048K, 98% used [0x00000000d6b80000,0x00000000d6d79820,0x00000000d6d80000)
  to   space 2560K, 0% used [0x00000000d6d80000,0x00000000d6d80000,0x00000000d7000000)
 ParOldGen       total 68608K, used 15752K [0x0000000080000000, 0x0000000084300000, 0x00000000d5580000)
  object space 68608K, 22% used [0x0000000080000000,0x0000000080f62020,0x0000000084300000)
 Metaspace       used 46262K, committed 47104K, reserved 1097728K
  class space    used 4997K, committed 5376K, reserved 1048576K
}
Event: 2.889 GC heap after
{Heap after GC invocations=16 (full 2):
 PSYoungGen      total 20992K, used 2555K [0x00000000d5580000, 0x00000000d7700000, 0x0000000100000000)
  eden space 18432K, 0% used [0x00000000d5580000,0x00000000d5580000,0x00000000d6780000)
  from space 2560K, 99% used [0x00000000d6d80000,0x00000000d6ffeec0,0x00000000d7000000)
  to   space 6144K, 0% used [0x00000000d6780000,0x00000000d6780000,0x00000000d6d80000)
 ParOldGen       total 68608K, used 18629K [0x0000000080000000, 0x0000000084300000, 0x00000000d5580000)
  object space 68608K, 27% used [0x0000000080000000,0x00000000812317e8,0x0000000084300000)
 Metaspace       used 46262K, committed 47104K, reserved 1097728K
  class space    used 4997K, committed 5376K, reserved 1048576K
}
Event: 3.024 GC heap before
{Heap before GC invocations=17 (full 2):
 PSYoungGen      total 20992K, used 20987K [0x00000000d5580000, 0x00000000d7700000, 0x0000000100000000)
  eden space 18432K, 100% used [0x00000000d5580000,0x00000000d6780000,0x00000000d6780000)
  from space 2560K, 99% used [0x00000000d6d80000,0x00000000d6ffeec0,0x00000000d7000000)
  to   space 6144K, 0% used [0x00000000d6780000,0x00000000d6780000,0x00000000d6d80000)
 ParOldGen       total 68608K, used 18629K [0x0000000080000000, 0x0000000084300000, 0x00000000d5580000)
  object space 68608K, 27% used [0x0000000080000000,0x00000000812317e8,0x0000000084300000)
 Metaspace       used 47183K, committed 48064K, reserved 1097728K
  class space    used 5119K, committed 5504K, reserved 1048576K
}
Event: 3.026 GC heap after
{Heap after GC invocations=17 (full 2):
 PSYoungGen      total 22016K, used 3104K [0x00000000d5580000, 0x00000000d6f80000, 0x0000000100000000)
  eden space 18432K, 0% used [0x00000000d5580000,0x00000000d5580000,0x00000000d6780000)
  from space 3584K, 86% used [0x00000000d6780000,0x00000000d6a88000,0x00000000d6b00000)
  to   space 4096K, 0% used [0x00000000d6b80000,0x00000000d6b80000,0x00000000d6f80000)
 ParOldGen       total 68608K, used 19324K [0x0000000080000000, 0x0000000084300000, 0x00000000d5580000)
  object space 68608K, 28% used [0x0000000080000000,0x00000000812df088,0x0000000084300000)
 Metaspace       used 47183K, committed 48064K, reserved 1097728K
  class space    used 5119K, committed 5504K, reserved 1048576K
}
Event: 7.303 GC heap before
{Heap before GC invocations=18 (full 2):
 PSYoungGen      total 22016K, used 21536K [0x00000000d5580000, 0x00000000d6f80000, 0x0000000100000000)
  eden space 18432K, 100% used [0x00000000d5580000,0x00000000d6780000,0x00000000d6780000)
  from space 3584K, 86% used [0x00000000d6780000,0x00000000d6a88000,0x00000000d6b00000)
  to   space 4096K, 0% used [0x00000000d6b80000,0x00000000d6b80000,0x00000000d6f80000)
 ParOldGen       total 68608K, used 19324K [0x0000000080000000, 0x0000000084300000, 0x00000000d5580000)
  object space 68608K, 28% used [0x0000000080000000,0x00000000812df088,0x0000000084300000)
 Metaspace       used 48363K, committed 49216K, reserved 1097728K
  class space    used 5310K, committed 5696K, reserved 1048576K
}
Event: 7.305 GC heap after
{Heap after GC invocations=18 (full 2):
 PSYoungGen      total 22528K, used 4087K [0x00000000d5580000, 0x00000000d6f80000, 0x0000000100000000)
  eden space 18432K, 0% used [0x00000000d5580000,0x00000000d5580000,0x00000000d6780000)
  from space 4096K, 99% used [0x00000000d6b80000,0x00000000d6f7ded8,0x00000000d6f80000)
  to   space 3584K, 0% used [0x00000000d6780000,0x00000000d6780000,0x00000000d6b00000)
 ParOldGen       total 68608K, used 25770K [0x0000000080000000, 0x0000000084300000, 0x00000000d5580000)
  object space 68608K, 37% used [0x0000000080000000,0x000000008192ab48,0x0000000084300000)
 Metaspace       used 48363K, committed 49216K, reserved 1097728K
  class space    used 5310K, committed 5696K, reserved 1048576K
}

