# JRE version: OpenJDK Runtime Environment Temurin-17.0.6+10 (17.0.6+10) (build 17.0.6+10)
# Java VM: OpenJDK 64-Bit Server VM Temurin-17.0.6+10 (17.0.6+10, mixed mode, emulated-client, tiered, compressed oops, compressed class ptrs, g1 gc, windows-amd64)
GC Precious Log:
 CPUs: 12 total, 12 available
 Memory: 15516M
 Large Page Support: Disabled
 NUMA Support: Disabled
 Compressed Oops: Enabled (32-bit)
 Heap Region Size: 1M
 Heap Min Capacity: 8M
 Heap Initial Capacity: 244M
 Heap Max Capacity: 1G
 Pre-touch: Disabled
 Parallel Workers: 10
 Concurrent Workers: 3
 Concurrent Refinement Workers: 10
 Periodic GC: Disabled
Heap:
 garbage-first heap   total 309248K, used 98909K [0x00000000c0000000, 0x0000000100000000)
  region size 1024K, 14 young (14336K), 14 survivors (14336K)
 Metaspace       used 35726K, committed 36160K, reserved 1081344K
  class space    used 4639K, committed 4864K, reserved 1048576K
GC Heap History (20 events):
Event: 1.142 GC heap after
{Heap after GC invocations=8 (full 0):
 garbage-first heap   total 149504K, used 18725K [0x00000000c0000000, 0x0000000100000000)
  region size 1024K, 2 young (2048K), 2 survivors (2048K)
 Metaspace       used 33845K, committed 34176K, reserved 1081344K
  class space    used 4379K, committed 4544K, reserved 1048576K
}
Event: 1.338 GC heap before
{Heap before GC invocations=8 (full 0):
 garbage-first heap   total 149504K, used 104741K [0x00000000c0000000, 0x0000000100000000)
  region size 1024K, 87 young (89088K), 2 survivors (2048K)
 Metaspace       used 35557K, committed 35968K, reserved 1081344K
  class space    used 4613K, committed 4800K, reserved 1048576K
}
Event: 1.343 GC heap after
{Heap after GC invocations=9 (full 0):
 garbage-first heap   total 149504K, used 33724K [0x00000000c0000000, 0x0000000100000000)
  region size 1024K, 11 young (11264K), 11 survivors (11264K)
 Metaspace       used 35557K, committed 35968K, reserved 1081344K
  class space    used 4613K, committed 4800K, reserved 1048576K
}
Event: 1.427 GC heap before
{Heap before GC invocations=9 (full 0):
 garbage-first heap   total 149504K, used 91068K [0x00000000c0000000, 0x0000000100000000)
  region size 1024K, 68 young (69632K), 11 survivors (11264K)
 Metaspace       used 35559K, committed 35968K, reserved 1081344K
  class space    used 4613K, committed 4800K, reserved 1048576K
}
Event: 1.434 GC heap after
{Heap after GC invocations=10 (full 0):
 garbage-first heap   total 149504K, used 47857K [0x00000000c0000000, 0x0000000100000000)
  region size 1024K, 9 young (9216K), 9 survivors (9216K)
 Metaspace       used 35559K, committed 35968K, reserved 1081344K
  class space    used 4613K, committed 4800K, reserved 1048576K
}
Event: 1.473 GC heap before
{Heap before GC invocations=10 (full 0):
 garbage-first heap   total 149504K, used 74481K [0x00000000c0000000, 0x0000000100000000)
  region size 1024K, 34 young (34816K), 9 survivors (9216K)
 Metaspace       used 35590K, committed 35968K, reserved 1081344K
  class space    used 4616K, committed 4800K, reserved 1048576K
}
Event: 1.486 GC heap after
{Heap after GC invocations=11 (full 0):
 garbage-first heap   total 149504K, used 64127K [0x00000000c0000000, 0x0000000100000000)
  region size 1024K, 8 young (8192K), 8 survivors (8192K)
 Metaspace       used 35590K, committed 35968K, reserved 1081344K
  class space    used 4616K, committed 4800K, reserved 1048576K
}
Event: 1.500 GC heap before
{Heap before GC invocations=11 (full 0):
 garbage-first heap   total 149504K, used 102014K [0x00000000c0000000, 0x0000000100000000)
  region size 1024K, 46 young (47104K), 8 survivors (8192K)
 Metaspace       used 35662K, committed 36096K, reserved 1081344K
  class space    used 4624K, committed 4800K, reserved 1048576K
}
Event: 1.503 GC heap after
{Heap after GC invocations=12 (full 0):
 garbage-first heap   total 149504K, used 67491K [0x00000000c0000000, 0x0000000100000000)
  region size 1024K, 2 young (2048K), 2 survivors (2048K)
 Metaspace       used 35662K, committed 36096K, reserved 1081344K
  class space    used 4624K, committed 4800K, reserved 1048576K
}
Event: 1.513 GC heap before
{Heap before GC invocations=12 (full 0):
 garbage-first heap   total 149504K, used 105379K [0x00000000c0000000, 0x0000000100000000)
  region size 1024K, 41 young (41984K), 2 survivors (2048K)
 Metaspace       used 35682K, committed 36096K, reserved 1081344K
  class space    used 4633K, committed 4800K, reserved 1048576K
}
Event: 1.515 GC heap after
{Heap after GC invocations=13 (full 0):
 garbage-first heap   total 309248K, used 68088K [0x00000000c0000000, 0x0000000100000000)
  region size 1024K, 4 young (4096K), 4 survivors (4096K)
 Metaspace       used 35682K, committed 36096K, reserved 1081344K
  class space    used 4633K, committed 4800K, reserved 1048576K
}
Event: 1.536 GC heap before
{Heap before GC invocations=14 (full 0):
 garbage-first heap   total 309248K, used 193016K [0x00000000c0000000, 0x0000000100000000)
  region size 1024K, 127 young (130048K), 4 survivors (4096K)
 Metaspace       used 35699K, committed 36096K, reserved 1081344K
  class space    used 4634K, committed 4800K, reserved 1048576K
}
Event: 1.539 GC heap after
{Heap after GC invocations=15 (full 0):
 garbage-first heap   total 309248K, used 72932K [0x00000000c0000000, 0x0000000100000000)
  region size 1024K, 9 young (9216K), 9 survivors (9216K)
 Metaspace       used 35699K, committed 36096K, reserved 1081344K
  class space    used 4634K, committed 4800K, reserved 1048576K
}
Event: 1.557 GC heap before
{Heap before GC invocations=15 (full 0):
 garbage-first heap   total 309248K, used 223460K [0x00000000c0000000, 0x0000000100000000)
  region size 1024K, 157 young (160768K), 9 survivors (9216K)
 Metaspace       used 35711K, committed 36160K, reserved 1081344K
  class space    used 4637K, committed 4864K, reserved 1048576K
}
Event: 1.561 GC heap after
{Heap after GC invocations=16 (full 0):
 garbage-first heap   total 309248K, used 79025K [0x00000000c0000000, 0x0000000100000000)
  region size 1024K, 15 young (15360K), 15 survivors (15360K)
 Metaspace       used 35711K, committed 36160K, reserved 1081344K
  class space    used 4637K, committed 4864K, reserved 1048576K
}
Event: 1.576 GC heap before
{Heap before GC invocations=16 (full 0):
 garbage-first heap   total 309248K, used 230577K [0x00000000c0000000, 0x0000000100000000)
  region size 1024K, 164 young (167936K), 15 survivors (15360K)
 Metaspace       used 35726K, committed 36160K, reserved 1081344K
  class space    used 4639K, committed 4864K, reserved 1048576K
}
Event: 1.582 GC heap after
{Heap after GC invocations=17 (full 0):
 garbage-first heap   total 309248K, used 84682K [0x00000000c0000000, 0x0000000100000000)
  region size 1024K, 13 young (13312K), 13 survivors (13312K)
 Metaspace       used 35726K, committed 36160K, reserved 1081344K
  class space    used 4639K, committed 4864K, reserved 1048576K
}
Event: 1.596 GC heap before
{Heap before GC invocations=17 (full 0):
 garbage-first heap   total 309248K, used 237258K [0x00000000c0000000, 0x0000000100000000)
  region size 1024K, 163 young (166912K), 13 survivors (13312K)
 Metaspace       used 35726K, committed 36160K, reserved 1081344K
  class space    used 4639K, committed 4864K, reserved 1048576K
}
Event: 1.601 GC heap after
{Heap after GC invocations=18 (full 0):
 garbage-first heap   total 309248K, used 91660K [0x00000000c0000000, 0x0000000100000000)
  region size 1024K, 13 young (13312K), 13 survivors (13312K)
 Metaspace       used 35726K, committed 36160K, reserved 1081344K
  class space    used 4639K, committed 4864K, reserved 1048576K
}
Event: 1.628 GC heap before
{Heap before GC invocations=18 (full 0):
 garbage-first heap   total 309248K, used 244236K [0x00000000c0000000, 0x0000000100000000)
  region size 1024K, 163 young (166912K), 13 survivors (13312K)
 Metaspace       used 35726K, committed 36160K, reserved 1081344K
  class space    used 4639K, committed 4864K, reserved 1048576K
}

