# JRE version: OpenJDK Runtime Environment Temurin-17.0.6+10 (17.0.6+10) (build 17.0.6+10)
# Java VM: OpenJDK 64-Bit Server VM Temurin-17.0.6+10 (17.0.6+10, mixed mode, emulated-client, tiered, compressed oops, compressed class ptrs, g1 gc, windows-amd64)
GC Precious Log:
 CPUs: 12 total, 12 available
 Memory: 15516M
 Large Page Support: Disabled
 NUMA Support: Disabled
 Compressed Oops: Enabled (32-bit)
 Heap Region Size: 1M
 Heap Min Capacity: 8M
 Heap Initial Capacity: 244M
 Heap Max Capacity: 1G
 Pre-touch: Disabled
 Parallel Workers: 10
 Concurrent Workers: 3
 Concurrent Refinement Workers: 10
 Periodic GC: Disabled
Heap:
 garbage-first heap   total 286720K, used 87857K [0x00000000c0000000, 0x0000000100000000)
  region size 1024K, 12 young (12288K), 12 survivors (12288K)
 Metaspace       used 36495K, committed 36928K, reserved 1081344K
  class space    used 4799K, committed 4992K, reserved 1048576K
GC Heap History (20 events):
Event: 5.316 GC heap after
{Heap after GC invocations=13 (full 0):
 garbage-first heap   total 149504K, used 27941K [0x00000000c0000000, 0x0000000100000000)
  region size 1024K, 2 young (2048K), 2 survivors (2048K)
 Metaspace       used 36163K, committed 36544K, reserved 1081344K
  class space    used 4755K, committed 4928K, reserved 1048576K
}
Event: 5.399 GC heap before
{Heap before GC invocations=14 (full 0):
 garbage-first heap   total 119808K, used 99621K [0x00000000c0000000, 0x0000000100000000)
  region size 1024K, 74 young (75776K), 2 survivors (2048K)
 Metaspace       used 36286K, committed 36736K, reserved 1081344K
  class space    used 4774K, committed 4992K, reserved 1048576K
}
Event: 5.404 GC heap after
{Heap after GC invocations=15 (full 0):
 garbage-first heap   total 120832K, used 44015K [0x00000000c0000000, 0x0000000100000000)
  region size 1024K, 10 young (10240K), 10 survivors (10240K)
 Metaspace       used 36286K, committed 36736K, reserved 1081344K
  class space    used 4774K, committed 4992K, reserved 1048576K
}
Event: 5.556 GC heap before
{Heap before GC invocations=15 (full 0):
 garbage-first heap   total 120832K, used 79855K [0x00000000c0000000, 0x0000000100000000)
  region size 1024K, 45 young (46080K), 10 survivors (10240K)
 Metaspace       used 36293K, committed 36736K, reserved 1081344K
  class space    used 4775K, committed 4992K, reserved 1048576K
}
Event: 5.562 GC heap after
{Heap after GC invocations=16 (full 0):
 garbage-first heap   total 120832K, used 55589K [0x00000000c0000000, 0x0000000100000000)
  region size 1024K, 6 young (6144K), 6 survivors (6144K)
 Metaspace       used 36293K, committed 36736K, reserved 1081344K
  class space    used 4775K, committed 4992K, reserved 1048576K
}
Event: 5.589 GC heap before
{Heap before GC invocations=16 (full 0):
 garbage-first heap   total 120832K, used 84261K [0x00000000c0000000, 0x0000000100000000)
  region size 1024K, 34 young (34816K), 6 survivors (6144K)
 Metaspace       used 36383K, committed 36800K, reserved 1081344K
  class space    used 4785K, committed 4992K, reserved 1048576K
}
Event: 5.599 GC heap after
{Heap after GC invocations=17 (full 0):
 garbage-first heap   total 120832K, used 66070K [0x00000000c0000000, 0x0000000100000000)
  region size 1024K, 5 young (5120K), 5 survivors (5120K)
 Metaspace       used 36383K, committed 36800K, reserved 1081344K
  class space    used 4785K, committed 4992K, reserved 1048576K
}
Event: 5.603 GC heap before
{Heap before GC invocations=17 (full 0):
 garbage-first heap   total 120832K, used 87574K [0x00000000c0000000, 0x0000000100000000)
  region size 1024K, 27 young (27648K), 5 survivors (5120K)
 Metaspace       used 36391K, committed 36800K, reserved 1081344K
  class space    used 4785K, committed 4992K, reserved 1048576K
}
Event: 5.605 GC heap after
{Heap after GC invocations=18 (full 0):
 garbage-first heap   total 120832K, used 68920K [0x00000000c0000000, 0x0000000100000000)
  region size 1024K, 2 young (2048K), 2 survivors (2048K)
 Metaspace       used 36391K, committed 36800K, reserved 1081344K
  class space    used 4785K, committed 4992K, reserved 1048576K
}
Event: 5.608 GC heap before
{Heap before GC invocations=18 (full 0):
 garbage-first heap   total 120832K, used 90424K [0x00000000c0000000, 0x0000000100000000)
  region size 1024K, 24 young (24576K), 2 survivors (2048K)
 Metaspace       used 36398K, committed 36800K, reserved 1081344K
  class space    used 4785K, committed 4992K, reserved 1048576K
}
Event: 5.610 GC heap after
{Heap after GC invocations=19 (full 0):
 garbage-first heap   total 286720K, used 69320K [0x00000000c0000000, 0x0000000100000000)
  region size 1024K, 3 young (3072K), 3 survivors (3072K)
 Metaspace       used 36398K, committed 36800K, reserved 1081344K
  class space    used 4785K, committed 4992K, reserved 1048576K
}
Event: 5.626 GC heap before
{Heap before GC invocations=19 (full 0):
 garbage-first heap   total 286720K, used 177864K [0x00000000c0000000, 0x0000000100000000)
  region size 1024K, 110 young (112640K), 3 survivors (3072K)
 Metaspace       used 36495K, committed 36928K, reserved 1081344K
  class space    used 4799K, committed 4992K, reserved 1048576K
}
Event: 5.629 GC heap after
{Heap after GC invocations=20 (full 0):
 garbage-first heap   total 286720K, used 73429K [0x00000000c0000000, 0x0000000100000000)
  region size 1024K, 7 young (7168K), 7 survivors (7168K)
 Metaspace       used 36495K, committed 36928K, reserved 1081344K
  class space    used 4799K, committed 4992K, reserved 1048576K
}
Event: 5.654 GC heap before
{Heap before GC invocations=21 (full 0):
 garbage-first heap   total 286720K, used 201429K [0x00000000c0000000, 0x0000000100000000)
  region size 1024K, 134 young (137216K), 7 survivors (7168K)
 Metaspace       used 36495K, committed 36928K, reserved 1081344K
  class space    used 4799K, committed 4992K, reserved 1048576K
}
Event: 5.657 GC heap after
{Heap after GC invocations=22 (full 0):
 garbage-first heap   total 286720K, used 77161K [0x00000000c0000000, 0x0000000100000000)
  region size 1024K, 11 young (11264K), 11 survivors (11264K)
 Metaspace       used 36495K, committed 36928K, reserved 1081344K
  class space    used 4799K, committed 4992K, reserved 1048576K
}
Event: 5.658 GC heap before
{Heap before GC invocations=22 (full 0):
 garbage-first heap   total 286720K, used 83305K [0x00000000c0000000, 0x0000000100000000)
  region size 1024K, 18 young (18432K), 11 survivors (11264K)
 Metaspace       used 36495K, committed 36928K, reserved 1081344K
  class space    used 4799K, committed 4992K, reserved 1048576K
}
Event: 5.661 GC heap after
{Heap after GC invocations=23 (full 0):
 garbage-first heap   total 286720K, used 77544K [0x00000000c0000000, 0x0000000100000000)
  region size 1024K, 2 young (2048K), 2 survivors (2048K)
 Metaspace       used 36495K, committed 36928K, reserved 1081344K
  class space    used 4799K, committed 4992K, reserved 1048576K
}
Event: 5.688 GC heap before
{Heap before GC invocations=23 (full 0):
 garbage-first heap   total 286720K, used 212712K [0x00000000c0000000, 0x0000000100000000)
  region size 1024K, 135 young (138240K), 2 survivors (2048K)
 Metaspace       used 36495K, committed 36928K, reserved 1081344K
  class space    used 4799K, committed 4992K, reserved 1048576K
}
Event: 5.690 GC heap after
{Heap after GC invocations=24 (full 0):
 garbage-first heap   total 286720K, used 82183K [0x00000000c0000000, 0x0000000100000000)
  region size 1024K, 7 young (7168K), 7 survivors (7168K)
 Metaspace       used 36495K, committed 36928K, reserved 1081344K
  class space    used 4799K, committed 4992K, reserved 1048576K
}
Event: 5.720 GC heap before
{Heap before GC invocations=24 (full 0):
 garbage-first heap   total 286720K, used 218375K [0x00000000c0000000, 0x0000000100000000)
  region size 1024K, 141 young (144384K), 7 survivors (7168K)
 Metaspace       used 36495K, committed 36928K, reserved 1081344K
  class space    used 4799K, committed 4992K, reserved 1048576K
}

