# JRE version: OpenJDK Runtime Environment Temurin-17.0.6+10 (17.0.6+10) (build 17.0.6+10)
# Java VM: OpenJDK 64-Bit Server VM Temurin-17.0.6+10 (17.0.6+10, mixed mode, emulated-client, tiered, compressed oops, compressed class ptrs, g1 gc, windows-amd64)
GC Precious Log:
 CPUs: 12 total, 12 available
 Memory: 15516M
 Large Page Support: Disabled
 NUMA Support: Disabled
 Compressed Oops: Enabled (32-bit)
 Heap Region Size: 1M
 Heap Min Capacity: 8M
 Heap Initial Capacity: 244M
 Heap Max Capacity: 1G
 Pre-touch: Disabled
 Parallel Workers: 10
 Concurrent Workers: 3
 Concurrent Refinement Workers: 10
 Periodic GC: Disabled
Heap:
 garbage-first heap   total 304128K, used 86338K [0x00000000c0000000, 0x0000000100000000)
  region size 1024K, 13 young (13312K), 13 survivors (13312K)
 Metaspace       used 35725K, committed 36160K, reserved 1081344K
  class space    used 4637K, committed 4864K, reserved 1048576K
GC Heap History (20 events):
Event: 1.179 GC heap after
{Heap after GC invocations=7 (full 0):
 garbage-first heap   total 48128K, used 17014K [0x00000000c0000000, 0x0000000100000000)
  region size 1024K, 3 young (3072K), 3 survivors (3072K)
 Metaspace       used 30327K, committed 30592K, reserved 1081344K
  class space    used 3862K, committed 3968K, reserved 1048576K
}
Event: 1.354 GC heap before
{Heap before GC invocations=7 (full 0):
 garbage-first heap   total 48128K, used 33398K [0x00000000c0000000, 0x0000000100000000)
  region size 1024K, 20 young (20480K), 3 survivors (3072K)
 Metaspace       used 33844K, committed 34176K, reserved 1081344K
  class space    used 4378K, committed 4544K, reserved 1048576K
}
Event: 1.357 GC heap after
{Heap after GC invocations=8 (full 0):
 garbage-first heap   total 149504K, used 18791K [0x00000000c0000000, 0x0000000100000000)
  region size 1024K, 2 young (2048K), 2 survivors (2048K)
 Metaspace       used 33844K, committed 34176K, reserved 1081344K
  class space    used 4378K, committed 4544K, reserved 1048576K
}
Event: 1.577 GC heap before
{Heap before GC invocations=8 (full 0):
 garbage-first heap   total 149504K, used 104807K [0x00000000c0000000, 0x0000000100000000)
  region size 1024K, 87 young (89088K), 2 survivors (2048K)
 Metaspace       used 35556K, committed 35968K, reserved 1081344K
  class space    used 4611K, committed 4800K, reserved 1048576K
}
Event: 1.582 GC heap after
{Heap after GC invocations=9 (full 0):
 garbage-first heap   total 149504K, used 33797K [0x00000000c0000000, 0x0000000100000000)
  region size 1024K, 11 young (11264K), 11 survivors (11264K)
 Metaspace       used 35556K, committed 35968K, reserved 1081344K
  class space    used 4611K, committed 4800K, reserved 1048576K
}
Event: 1.682 GC heap before
{Heap before GC invocations=9 (full 0):
 garbage-first heap   total 149504K, used 92165K [0x00000000c0000000, 0x0000000100000000)
  region size 1024K, 68 young (69632K), 11 survivors (11264K)
 Metaspace       used 35561K, committed 35968K, reserved 1081344K
  class space    used 4612K, committed 4800K, reserved 1048576K
}
Event: 1.690 GC heap after
{Heap after GC invocations=10 (full 0):
 garbage-first heap   total 149504K, used 47928K [0x00000000c0000000, 0x0000000100000000)
  region size 1024K, 9 young (9216K), 9 survivors (9216K)
 Metaspace       used 35561K, committed 35968K, reserved 1081344K
  class space    used 4612K, committed 4800K, reserved 1048576K
}
Event: 1.732 GC heap before
{Heap before GC invocations=10 (full 0):
 garbage-first heap   total 149504K, used 73528K [0x00000000c0000000, 0x0000000100000000)
  region size 1024K, 34 young (34816K), 9 survivors (9216K)
 Metaspace       used 35572K, committed 35968K, reserved 1081344K
  class space    used 4615K, committed 4800K, reserved 1048576K
}
Event: 1.746 GC heap after
{Heap after GC invocations=11 (full 0):
 garbage-first heap   total 149504K, used 64568K [0x00000000c0000000, 0x0000000100000000)
  region size 1024K, 8 young (8192K), 8 survivors (8192K)
 Metaspace       used 35572K, committed 35968K, reserved 1081344K
  class space    used 4615K, committed 4800K, reserved 1048576K
}
Event: 1.760 GC heap before
{Heap before GC invocations=11 (full 0):
 garbage-first heap   total 149504K, used 102456K [0x00000000c0000000, 0x0000000100000000)
  region size 1024K, 46 young (47104K), 8 survivors (8192K)
 Metaspace       used 35655K, committed 36096K, reserved 1081344K
  class space    used 4621K, committed 4800K, reserved 1048576K
}
Event: 1.763 GC heap after
{Heap after GC invocations=12 (full 0):
 garbage-first heap   total 149504K, used 69427K [0x00000000c0000000, 0x0000000100000000)
  region size 1024K, 3 young (3072K), 3 survivors (3072K)
 Metaspace       used 35655K, committed 36096K, reserved 1081344K
  class space    used 4621K, committed 4800K, reserved 1048576K
}
Event: 1.781 GC heap before
{Heap before GC invocations=12 (full 0):
 garbage-first heap   total 149504K, used 108339K [0x00000000c0000000, 0x0000000100000000)
  region size 1024K, 43 young (44032K), 3 survivors (3072K)
 Metaspace       used 35674K, committed 36096K, reserved 1081344K
  class space    used 4630K, committed 4800K, reserved 1048576K
}
Event: 1.783 GC heap after
{Heap after GC invocations=13 (full 0):
 garbage-first heap   total 304128K, used 68945K [0x00000000c0000000, 0x0000000100000000)
  region size 1024K, 4 young (4096K), 4 survivors (4096K)
 Metaspace       used 35674K, committed 36096K, reserved 1081344K
  class space    used 4630K, committed 4800K, reserved 1048576K
}
Event: 1.810 GC heap before
{Heap before GC invocations=14 (full 0):
 garbage-first heap   total 304128K, used 205137K [0x00000000c0000000, 0x0000000100000000)
  region size 1024K, 138 young (141312K), 4 survivors (4096K)
 Metaspace       used 35690K, committed 36096K, reserved 1081344K
  class space    used 4631K, committed 4800K, reserved 1048576K
}
Event: 1.813 GC heap after
{Heap after GC invocations=15 (full 0):
 garbage-first heap   total 304128K, used 74242K [0x00000000c0000000, 0x0000000100000000)
  region size 1024K, 9 young (9216K), 9 survivors (9216K)
 Metaspace       used 35690K, committed 36096K, reserved 1081344K
  class space    used 4631K, committed 4800K, reserved 1048576K
}
Event: 1.814 GC heap before
{Heap before GC invocations=15 (full 0):
 garbage-first heap   total 304128K, used 78338K [0x00000000c0000000, 0x0000000100000000)
  region size 1024K, 14 young (14336K), 9 survivors (9216K)
 Metaspace       used 35690K, committed 36096K, reserved 1081344K
  class space    used 4631K, committed 4800K, reserved 1048576K
}
Event: 1.816 GC heap after
{Heap after GC invocations=16 (full 0):
 garbage-first heap   total 304128K, used 74713K [0x00000000c0000000, 0x0000000100000000)
  region size 1024K, 2 young (2048K), 2 survivors (2048K)
 Metaspace       used 35690K, committed 36096K, reserved 1081344K
  class space    used 4631K, committed 4800K, reserved 1048576K
}
Event: 1.834 GC heap before
{Heap before GC invocations=16 (full 0):
 garbage-first heap   total 304128K, used 226265K [0x00000000c0000000, 0x0000000100000000)
  region size 1024K, 151 young (154624K), 2 survivors (2048K)
 Metaspace       used 35717K, committed 36096K, reserved 1081344K
  class space    used 4635K, committed 4800K, reserved 1048576K
}
Event: 1.836 GC heap after
{Heap after GC invocations=17 (full 0):
 garbage-first heap   total 304128K, used 80258K [0x00000000c0000000, 0x0000000100000000)
  region size 1024K, 7 young (7168K), 7 survivors (7168K)
 Metaspace       used 35717K, committed 36096K, reserved 1081344K
  class space    used 4635K, committed 4800K, reserved 1048576K
}
Event: 1.851 GC heap before
{Heap before GC invocations=17 (full 0):
 garbage-first heap   total 304128K, used 231810K [0x00000000c0000000, 0x0000000100000000)
  region size 1024K, 156 young (159744K), 7 survivors (7168K)
 Metaspace       used 35725K, committed 36160K, reserved 1081344K
  class space    used 4637K, committed 4864K, reserved 1048576K
}

